TpTrace Verbose: 0 : 18088, 1, 2022/07/05, 15:52:53.215, 15836352286646, vstest.console.dll, Version: 17.0.0
TpTrace Information: 0 : 18088, 1, 2022/07/05, 15:52:53.563, 15836355735053, vstest.console.dll, FilePatternParser: The given file H:\Learnings\CTS Core Demos\PipelineDemowithTest\ValueTestPrj\bin\Debug\net5.0\fine-code-coverage\build-output\ValueTestPrj.dll is a full path.
TpTrace Verbose: 0 : 18088, 1, 2022/07/05, 15:52:53.660, 15836356699809, vstest.console.dll, TestPluginCache.DiscoverTestExtensions: finding test extensions in assemblies ends with: RuntimeProvider.dll TPluginInfo: Microsoft.VisualStudio.TestPlatform.Common.ExtensionFramework.Utilities.TestRuntimePluginInformation TExtension: Microsoft.VisualStudio.TestPlatform.ObjectModel.Host.ITestRuntimeProvider
TpTrace Verbose: 0 : 18088, 1, 2022/07/05, 15:52:53.661, 15836356710537, vstest.console.dll, TestPluginCache.GetExtensionPaths: Filtered extension paths: 
TpTrace Verbose: 0 : 18088, 1, 2022/07/05, 15:52:53.661, 15836356712172, vstest.console.dll, TestPluginCache.GetExtensionPaths: Added default extension paths: C:\Program Files\dotnet\sdk\6.0.106\Extensions\Microsoft.Diagnostics.NETCore.Client.dll
C:\Program Files\dotnet\sdk\6.0.106\Extensions\Microsoft.TestPlatform.Extensions.BlameDataCollector.dll
C:\Program Files\dotnet\sdk\6.0.106\Extensions\Microsoft.TestPlatform.Extensions.EventLogCollector.dll
C:\Program Files\dotnet\sdk\6.0.106\Extensions\Microsoft.TestPlatform.TestHostRuntimeProvider.dll
C:\Program Files\dotnet\sdk\6.0.106\Extensions\Microsoft.VisualStudio.TestPlatform.Extensions.Html.TestLogger.dll
C:\Program Files\dotnet\sdk\6.0.106\Extensions\Microsoft.VisualStudio.TestPlatform.Extensions.Trx.TestLogger.dll
TpTrace Verbose: 0 : 18088, 1, 2022/07/05, 15:52:53.661, 15836356712687, vstest.console.dll, TestPluginCache.GetExtensionPaths: Added unfilterableExtensionPaths: 
TpTrace Information: 0 : 18088, 1, 2022/07/05, 15:52:53.662, 15836356723520, vstest.console.dll, AssemblyResolver.ctor: Creating AssemblyResolver with searchDirectories C:\Program Files\dotnet\sdk\6.0.106\Extensions,C:\Program Files\dotnet\sdk\6.0.106
TpTrace Verbose: 0 : 18088, 1, 2022/07/05, 15:52:53.667, 15836356771446, vstest.console.dll, TestPluginCache.DiscoverTestExtensions: Discovering the extensions using extension path.
TpTrace Verbose: 0 : 18088, 1, 2022/07/05, 15:52:53.667, 15836356774305, vstest.console.dll, TestPluginCache.GetExtensionPaths: Filtered extension paths: 
TpTrace Verbose: 0 : 18088, 1, 2022/07/05, 15:52:53.667, 15836356775247, vstest.console.dll, TestPluginCache.GetExtensionPaths: Added default extension paths: C:\Program Files\dotnet\sdk\6.0.106\Extensions\Microsoft.Diagnostics.NETCore.Client.dll
C:\Program Files\dotnet\sdk\6.0.106\Extensions\Microsoft.TestPlatform.Extensions.BlameDataCollector.dll
C:\Program Files\dotnet\sdk\6.0.106\Extensions\Microsoft.TestPlatform.Extensions.EventLogCollector.dll
C:\Program Files\dotnet\sdk\6.0.106\Extensions\Microsoft.TestPlatform.TestHostRuntimeProvider.dll
C:\Program Files\dotnet\sdk\6.0.106\Extensions\Microsoft.VisualStudio.TestPlatform.Extensions.Html.TestLogger.dll
C:\Program Files\dotnet\sdk\6.0.106\Extensions\Microsoft.VisualStudio.TestPlatform.Extensions.Trx.TestLogger.dll
TpTrace Verbose: 0 : 18088, 1, 2022/07/05, 15:52:53.667, 15836356775874, vstest.console.dll, TestPluginCache.GetExtensionPaths: Added unfilterableExtensionPaths: 
TpTrace Verbose: 0 : 18088, 1, 2022/07/05, 15:52:53.667, 15836356776660, vstest.console.dll, TestPluginCache.DiscoverTestExtensions: Discovering the extensions using allExtensionPaths: C:\Program Files\dotnet\sdk\6.0.106\Extensions\Microsoft.Diagnostics.NETCore.Client.dll
C:\Program Files\dotnet\sdk\6.0.106\Extensions\Microsoft.TestPlatform.Extensions.BlameDataCollector.dll
C:\Program Files\dotnet\sdk\6.0.106\Extensions\Microsoft.TestPlatform.Extensions.EventLogCollector.dll
C:\Program Files\dotnet\sdk\6.0.106\Extensions\Microsoft.TestPlatform.TestHostRuntimeProvider.dll
C:\Program Files\dotnet\sdk\6.0.106\Extensions\Microsoft.VisualStudio.TestPlatform.Extensions.Html.TestLogger.dll
C:\Program Files\dotnet\sdk\6.0.106\Extensions\Microsoft.VisualStudio.TestPlatform.Extensions.Trx.TestLogger.dll
TpTrace Information: 0 : 18088, 1, 2022/07/05, 15:52:53.668, 15836356778662, vstest.console.dll, AssemblyResolver.AddSearchDirectories: Adding more searchDirectories C:\Program Files\dotnet\sdk\6.0.106\Extensions,C:\Program Files\dotnet\sdk\6.0.106
TpTrace Information: 0 : 18088, 1, 2022/07/05, 15:52:53.668, 15836356779329, vstest.console.dll, AssemblyResolver.AddSearchDirectories: Adding more searchDirectories C:\Program Files\dotnet\sdk\6.0.106\Extensions,C:\Program Files\dotnet\sdk\6.0.106
TpTrace Information: 0 : 18088, 1, 2022/07/05, 15:52:53.668, 15836356779950, vstest.console.dll, AssemblyResolver.AddSearchDirectories: Adding more searchDirectories C:\Program Files\dotnet\sdk\6.0.106\Extensions,C:\Program Files\dotnet\sdk\6.0.106
TpTrace Information: 0 : 18088, 1, 2022/07/05, 15:52:53.668, 15836356780414, vstest.console.dll, AssemblyResolver.AddSearchDirectories: Adding more searchDirectories C:\Program Files\dotnet\sdk\6.0.106\Extensions,C:\Program Files\dotnet\sdk\6.0.106
TpTrace Information: 0 : 18088, 1, 2022/07/05, 15:52:53.668, 15836356780892, vstest.console.dll, AssemblyResolver.AddSearchDirectories: Adding more searchDirectories C:\Program Files\dotnet\sdk\6.0.106\Extensions,C:\Program Files\dotnet\sdk\6.0.106
TpTrace Information: 0 : 18088, 1, 2022/07/05, 15:52:53.668, 15836356781287, vstest.console.dll, AssemblyResolver.AddSearchDirectories: Adding more searchDirectories C:\Program Files\dotnet\sdk\6.0.106\Extensions,C:\Program Files\dotnet\sdk\6.0.106
TpTrace Information: 0 : 18088, 1, 2022/07/05, 15:52:53.668, 15836356785083, vstest.console.dll, AssemblyResolver.OnResolve: Microsoft.Diagnostics.NETCore.Client: Resolving assembly.
TpTrace Information: 0 : 18088, 1, 2022/07/05, 15:52:53.668, 15836356785978, vstest.console.dll, AssemblyResolver.OnResolve: Microsoft.Diagnostics.NETCore.Client: Searching in: 'C:\Program Files\dotnet\sdk\6.0.106\Extensions'.
TpTrace Information: 0 : 18088, 1, 2022/07/05, 15:52:53.707, 15836357177241, vstest.console.dll, AssemblyResolver.OnResolve: Microsoft.Diagnostics.NETCore.Client: Loading assembly 'C:\Program Files\dotnet\sdk\6.0.106\Extensions\Microsoft.Diagnostics.NETCore.Client.dll'.
TpTrace Information: 0 : 18088, 1, 2022/07/05, 15:52:53.711, 15836357213367, vstest.console.dll, AssemblyResolver.OnResolve: Resolved assembly: Microsoft.Diagnostics.NETCore.Client, from path: C:\Program Files\dotnet\sdk\6.0.106\Extensions\Microsoft.Diagnostics.NETCore.Client.dll
TpTrace Information: 0 : 18088, 1, 2022/07/05, 15:52:53.755, 15836357656899, vstest.console.dll, AssemblyResolver.OnResolve: Microsoft.Bcl.AsyncInterfaces: Resolving assembly.
TpTrace Information: 0 : 18088, 1, 2022/07/05, 15:52:53.756, 15836357658212, vstest.console.dll, AssemblyResolver.OnResolve: Microsoft.Bcl.AsyncInterfaces: Searching in: 'C:\Program Files\dotnet\sdk\6.0.106\Extensions'.
TpTrace Information: 0 : 18088, 1, 2022/07/05, 15:52:53.756, 15836357659315, vstest.console.dll, AssemblyResolver.OnResolve: Microsoft.Bcl.AsyncInterfaces: Assembly path does not exist: 'C:\Program Files\dotnet\sdk\6.0.106\Extensions\Microsoft.Bcl.AsyncInterfaces.dll', returning.
TpTrace Information: 0 : 18088, 1, 2022/07/05, 15:52:53.756, 15836357660429, vstest.console.dll, AssemblyResolver.OnResolve: Microsoft.Bcl.AsyncInterfaces: Assembly path does not exist: 'C:\Program Files\dotnet\sdk\6.0.106\Extensions\Microsoft.Bcl.AsyncInterfaces.exe', returning.
TpTrace Information: 0 : 18088, 1, 2022/07/05, 15:52:53.756, 15836357660937, vstest.console.dll, AssemblyResolver.OnResolve: Microsoft.Bcl.AsyncInterfaces: Searching in: 'C:\Program Files\dotnet\sdk\6.0.106'.
TpTrace Information: 0 : 18088, 1, 2022/07/05, 15:52:53.756, 15836357661768, vstest.console.dll, AssemblyResolver.OnResolve: Microsoft.Bcl.AsyncInterfaces: Assembly path does not exist: 'C:\Program Files\dotnet\sdk\6.0.106\Microsoft.Bcl.AsyncInterfaces.dll', returning.
TpTrace Information: 0 : 18088, 1, 2022/07/05, 15:52:53.756, 15836357662506, vstest.console.dll, AssemblyResolver.OnResolve: Microsoft.Bcl.AsyncInterfaces: Assembly path does not exist: 'C:\Program Files\dotnet\sdk\6.0.106\Microsoft.Bcl.AsyncInterfaces.exe', returning.
TpTrace Information: 0 : 18088, 1, 2022/07/05, 15:52:53.756, 15836357663379, vstest.console.dll, AssemblyResolver.OnResolve: Microsoft.Bcl.AsyncInterfaces: Failed to load assembly.
TpTrace Verbose: 0 : 18088, 1, 2022/07/05, 15:52:53.756, 15836357664049, vstest.console.dll, CurrentDomainAssemblyResolve: Resolving assembly 'Microsoft.Bcl.AsyncInterfaces'.
TpTrace Information: 0 : 18088, 1, 2022/07/05, 15:52:53.756, 15836357664841, vstest.console.dll, AssemblyResolver.OnResolve: Microsoft.Bcl.AsyncInterfaces: Resolving assembly.
TpTrace Information: 0 : 18088, 1, 2022/07/05, 15:52:53.756, 15836357665375, vstest.console.dll, AssemblyResolver.OnResolve: Microsoft.Bcl.AsyncInterfaces: Resolved from cache.
TpTrace Verbose: 0 : 18088, 1, 2022/07/05, 15:52:53.756, 15836357665757, vstest.console.dll, CurrentDomainAssemblyResolve: Resolving assembly 'Microsoft.Bcl.AsyncInterfaces'.
TpTrace Verbose: 0 : 18088, 1, 2022/07/05, 15:52:53.756, 15836357666221, vstest.console.dll, CurrentDomainAssemblyResolve: Failed to resolve assembly 'Microsoft.Bcl.AsyncInterfaces'.
TpTrace Verbose: 0 : 18088, 1, 2022/07/05, 15:52:53.861, 15836358712743, vstest.console.dll, CurrentDomainAssemblyResolve: Failed to resolve assembly 'Microsoft.Bcl.AsyncInterfaces'.
TpTrace Warning: 0 : 18088, 1, 2022/07/05, 15:52:54.143, 15836361532924, vstest.console.dll, TestPluginDiscoverer: Failed to get types from assembly 'Microsoft.Diagnostics.NETCore.Client, Version=0.2.4.21401, Culture=neutral, PublicKeyToken=31bf3856ad364e35'.  Skipping test extension scan for this assembly.  Error: System.Reflection.ReflectionTypeLoadException: Unable to load one or more of the requested types.
Could not load file or assembly 'Microsoft.Bcl.AsyncInterfaces, Version=1.0.0.0, Culture=neutral, PublicKeyToken=cc7b13ffcd2ddd51'. The system cannot find the file specified.
   at System.Reflection.RuntimeModule.GetTypes(RuntimeModule module)
   at System.Reflection.Assembly.GetTypes()
   at Microsoft.VisualStudio.TestPlatform.Common.ExtensionFramework.TestPluginDiscoverer.GetTestExtensionsFromAssembly[TPluginInfo,TExtension](Assembly assembly, Dictionary`2 pluginInfos)
System.IO.FileNotFoundException: Could not load file or assembly 'Microsoft.Bcl.AsyncInterfaces, Version=1.0.0.0, Culture=neutral, PublicKeyToken=cc7b13ffcd2ddd51'. The system cannot find the file specified.
File name: 'Microsoft.Bcl.AsyncInterfaces, Version=1.0.0.0, Culture=neutral, PublicKeyToken=cc7b13ffcd2ddd51'
 ---> System.IO.FileNotFoundException: Could not load file or assembly 'Microsoft.Bcl.AsyncInterfaces, Culture=neutral, PublicKeyToken=null'. The system cannot find the file specified.
File name: 'Microsoft.Bcl.AsyncInterfaces, Culture=neutral, PublicKeyToken=null'
   at System.Reflection.RuntimeAssembly.InternalLoad(ObjectHandleOnStack assemblyName, ObjectHandleOnStack requestingAssembly, StackCrawlMarkHandle stackMark, Boolean throwOnFileNotFound, ObjectHandleOnStack assemblyLoadContext, ObjectHandleOnStack retAssembly)
   at System.Reflection.RuntimeAssembly.InternalLoad(AssemblyName assemblyName, RuntimeAssembly requestingAssembly, StackCrawlMark& stackMark, Boolean throwOnFileNotFound, AssemblyLoadContext assemblyLoadContext)
   at System.Reflection.Assembly.Load(AssemblyName assemblyRef)
   at Microsoft.VisualStudio.TestPlatform.Common.ExtensionFramework.TestPluginCache.CurrentDomainAssemblyResolve(Object sender, AssemblyResolveEventArgs args)
   at Microsoft.VisualStudio.TestPlatform.PlatformAbstractions.PlatformAssemblyResolver.AssemblyResolverEvent(Object sender, Object eventArgs)
   at System.Runtime.Loader.AssemblyLoadContext.GetFirstResolvedAssemblyFromResolvingEvent(AssemblyName assemblyName)
   at System.Runtime.Loader.AssemblyLoadContext.ResolveUsingEvent(AssemblyName assemblyName)
   at System.Runtime.Loader.AssemblyLoadContext.ResolveUsingResolvingEvent(IntPtr gchManagedAssemblyLoadContext, AssemblyName assemblyName)
TpTrace Warning: 0 : 18088, 1, 2022/07/05, 15:52:54.145, 15836361550285, vstest.console.dll, LoaderExceptions: System.IO.FileNotFoundException: Could not load file or assembly 'Microsoft.Bcl.AsyncInterfaces, Version=1.0.0.0, Culture=neutral, PublicKeyToken=cc7b13ffcd2ddd51'. The system cannot find the file specified.
File name: 'Microsoft.Bcl.AsyncInterfaces, Version=1.0.0.0, Culture=neutral, PublicKeyToken=cc7b13ffcd2ddd51'
 ---> System.IO.FileNotFoundException: Could not load file or assembly 'Microsoft.Bcl.AsyncInterfaces, Culture=neutral, PublicKeyToken=null'. The system cannot find the file specified.
File name: 'Microsoft.Bcl.AsyncInterfaces, Culture=neutral, PublicKeyToken=null'
   at System.Reflection.RuntimeAssembly.InternalLoad(ObjectHandleOnStack assemblyName, ObjectHandleOnStack requestingAssembly, StackCrawlMarkHandle stackMark, Boolean throwOnFileNotFound, ObjectHandleOnStack assemblyLoadContext, ObjectHandleOnStack retAssembly)
   at System.Reflection.RuntimeAssembly.InternalLoad(AssemblyName assemblyName, RuntimeAssembly requestingAssembly, StackCrawlMark& stackMark, Boolean throwOnFileNotFound, AssemblyLoadContext assemblyLoadContext)
   at System.Reflection.Assembly.Load(AssemblyName assemblyRef)
   at Microsoft.VisualStudio.TestPlatform.Common.ExtensionFramework.TestPluginCache.CurrentDomainAssemblyResolve(Object sender, AssemblyResolveEventArgs args)
   at Microsoft.VisualStudio.TestPlatform.PlatformAbstractions.PlatformAssemblyResolver.AssemblyResolverEvent(Object sender, Object eventArgs)
   at System.Runtime.Loader.AssemblyLoadContext.GetFirstResolvedAssemblyFromResolvingEvent(AssemblyName assemblyName)
   at System.Runtime.Loader.AssemblyLoadContext.ResolveUsingEvent(AssemblyName assemblyName)
   at System.Runtime.Loader.AssemblyLoadContext.ResolveUsingResolvingEvent(IntPtr gchManagedAssemblyLoadContext, AssemblyName assemblyName)
TpTrace Information: 0 : 18088, 1, 2022/07/05, 15:52:54.145, 15836361552413, vstest.console.dll, AssemblyResolver.OnResolve: Microsoft.TestPlatform.Extensions.BlameDataCollector: Resolving assembly.
TpTrace Information: 0 : 18088, 1, 2022/07/05, 15:52:54.145, 15836361552977, vstest.console.dll, AssemblyResolver.OnResolve: Microsoft.TestPlatform.Extensions.BlameDataCollector: Searching in: 'C:\Program Files\dotnet\sdk\6.0.106\Extensions'.
TpTrace Information: 0 : 18088, 1, 2022/07/05, 15:52:54.186, 15836361966006, vstest.console.dll, AssemblyResolver.OnResolve: Microsoft.TestPlatform.Extensions.BlameDataCollector: Loading assembly 'C:\Program Files\dotnet\sdk\6.0.106\Extensions\Microsoft.TestPlatform.Extensions.BlameDataCollector.dll'.
TpTrace Information: 0 : 18088, 1, 2022/07/05, 15:52:54.188, 15836361986660, vstest.console.dll, AssemblyResolver.OnResolve: Resolved assembly: Microsoft.TestPlatform.Extensions.BlameDataCollector, from path: C:\Program Files\dotnet\sdk\6.0.106\Extensions\Microsoft.TestPlatform.Extensions.BlameDataCollector.dll
TpTrace Information: 0 : 18088, 1, 2022/07/05, 15:52:54.190, 15836362001299, vstest.console.dll, AssemblyResolver.OnResolve: Microsoft.TestPlatform.Extensions.EventLogCollector: Resolving assembly.
TpTrace Information: 0 : 18088, 1, 2022/07/05, 15:52:54.190, 15836362002605, vstest.console.dll, AssemblyResolver.OnResolve: Microsoft.TestPlatform.Extensions.EventLogCollector: Searching in: 'C:\Program Files\dotnet\sdk\6.0.106\Extensions'.
TpTrace Information: 0 : 18088, 1, 2022/07/05, 15:52:54.237, 15836362471360, vstest.console.dll, AssemblyResolver.OnResolve: Microsoft.TestPlatform.Extensions.EventLogCollector: Loading assembly 'C:\Program Files\dotnet\sdk\6.0.106\Extensions\Microsoft.TestPlatform.Extensions.EventLogCollector.dll'.
TpTrace Information: 0 : 18088, 1, 2022/07/05, 15:52:54.239, 15836362492148, vstest.console.dll, AssemblyResolver.OnResolve: Resolved assembly: Microsoft.TestPlatform.Extensions.EventLogCollector, from path: C:\Program Files\dotnet\sdk\6.0.106\Extensions\Microsoft.TestPlatform.Extensions.EventLogCollector.dll
TpTrace Information: 0 : 18088, 1, 2022/07/05, 15:52:54.337, 15836363474147, vstest.console.dll, AssemblyResolver.OnResolve: Microsoft.TestPlatform.TestHostRuntimeProvider: Resolving assembly.
TpTrace Information: 0 : 18088, 1, 2022/07/05, 15:52:54.337, 15836363475833, vstest.console.dll, AssemblyResolver.OnResolve: Microsoft.TestPlatform.TestHostRuntimeProvider: Searching in: 'C:\Program Files\dotnet\sdk\6.0.106\Extensions'.
TpTrace Information: 0 : 18088, 1, 2022/07/05, 15:52:54.370, 15836363801547, vstest.console.dll, AssemblyResolver.OnResolve: Microsoft.TestPlatform.TestHostRuntimeProvider: Loading assembly 'C:\Program Files\dotnet\sdk\6.0.106\Extensions\Microsoft.TestPlatform.TestHostRuntimeProvider.dll'.
TpTrace Information: 0 : 18088, 1, 2022/07/05, 15:52:54.373, 15836363829984, vstest.console.dll, AssemblyResolver.OnResolve: Resolved assembly: Microsoft.TestPlatform.TestHostRuntimeProvider, from path: C:\Program Files\dotnet\sdk\6.0.106\Extensions\Microsoft.TestPlatform.TestHostRuntimeProvider.dll
TpTrace Information: 0 : 18088, 1, 2022/07/05, 15:52:54.374, 15836363843229, vstest.console.dll, AssemblyResolver.OnResolve: Microsoft.VisualStudio.TestPlatform.Extensions.Html.TestLogger: Resolving assembly.
TpTrace Information: 0 : 18088, 1, 2022/07/05, 15:52:54.374, 15836363844154, vstest.console.dll, AssemblyResolver.OnResolve: Microsoft.VisualStudio.TestPlatform.Extensions.Html.TestLogger: Searching in: 'C:\Program Files\dotnet\sdk\6.0.106\Extensions'.
TpTrace Information: 0 : 18088, 1, 2022/07/05, 15:52:54.395, 15836364052892, vstest.console.dll, AssemblyResolver.OnResolve: Microsoft.VisualStudio.TestPlatform.Extensions.Html.TestLogger: Loading assembly 'C:\Program Files\dotnet\sdk\6.0.106\Extensions\Microsoft.VisualStudio.TestPlatform.Extensions.Html.TestLogger.dll'.
TpTrace Information: 0 : 18088, 1, 2022/07/05, 15:52:54.397, 15836364073137, vstest.console.dll, AssemblyResolver.OnResolve: Resolved assembly: Microsoft.VisualStudio.TestPlatform.Extensions.Html.TestLogger, from path: C:\Program Files\dotnet\sdk\6.0.106\Extensions\Microsoft.VisualStudio.TestPlatform.Extensions.Html.TestLogger.dll
TpTrace Information: 0 : 18088, 1, 2022/07/05, 15:52:54.398, 15836364077634, vstest.console.dll, AssemblyResolver.OnResolve: Microsoft.VisualStudio.TestPlatform.Extensions.Trx.TestLogger: Resolving assembly.
TpTrace Information: 0 : 18088, 1, 2022/07/05, 15:52:54.398, 15836364078339, vstest.console.dll, AssemblyResolver.OnResolve: Microsoft.VisualStudio.TestPlatform.Extensions.Trx.TestLogger: Searching in: 'C:\Program Files\dotnet\sdk\6.0.106\Extensions'.
TpTrace Information: 0 : 18088, 1, 2022/07/05, 15:52:54.423, 15836364334829, vstest.console.dll, AssemblyResolver.OnResolve: Microsoft.VisualStudio.TestPlatform.Extensions.Trx.TestLogger: Loading assembly 'C:\Program Files\dotnet\sdk\6.0.106\Extensions\Microsoft.VisualStudio.TestPlatform.Extensions.Trx.TestLogger.dll'.
TpTrace Information: 0 : 18088, 1, 2022/07/05, 15:52:54.425, 15836364357398, vstest.console.dll, AssemblyResolver.OnResolve: Resolved assembly: Microsoft.VisualStudio.TestPlatform.Extensions.Trx.TestLogger, from path: C:\Program Files\dotnet\sdk\6.0.106\Extensions\Microsoft.VisualStudio.TestPlatform.Extensions.Trx.TestLogger.dll
TpTrace Verbose: 0 : 18088, 1, 2022/07/05, 15:52:54.426, 15836364364124, vstest.console.dll, TestPluginCache: Discovered the extensions using extension path ''.
TpTrace Verbose: 0 : 18088, 1, 2022/07/05, 15:52:54.426, 15836364364925, vstest.console.dll, TestPluginCache: Discoverers are ''.
TpTrace Verbose: 0 : 18088, 1, 2022/07/05, 15:52:54.426, 15836364365305, vstest.console.dll, TestPluginCache: Executors are ''.
TpTrace Verbose: 0 : 18088, 1, 2022/07/05, 15:52:54.426, 15836364365684, vstest.console.dll, TestPluginCache: Executors2 are ''.
TpTrace Verbose: 0 : 18088, 1, 2022/07/05, 15:52:54.426, 15836364365994, vstest.console.dll, TestPluginCache: Setting providers are ''.
TpTrace Verbose: 0 : 18088, 1, 2022/07/05, 15:52:54.426, 15836364366299, vstest.console.dll, TestPluginCache: Loggers are ''.
TpTrace Information: 0 : 18088, 1, 2022/07/05, 15:52:54.463, 15836364728044, vstest.console.dll, RunTestsArgumentProcessor:Execute: Test run is starting.
TpTrace Verbose: 0 : 18088, 1, 2022/07/05, 15:52:54.463, 15836364729194, vstest.console.dll, RunTestsArgumentProcessor:Execute: Queuing Test run.
TpTrace Information: 0 : 18088, 1, 2022/07/05, 15:52:54.463, 15836364732221, vstest.console.dll, TestRequestManager.RunTests: run tests started.
TpTrace Information: 0 : 18088, 1, 2022/07/05, 15:52:54.486, 15836364961995, vstest.console.dll, AssemblyMetadataProvider.GetFrameWork: Determined framework:'.NETCoreApp,Version=v5.0' for source: 'H:\Learnings\CTS Core Demos\PipelineDemowithTest\ValueTestPrj\bin\Debug\net5.0\fine-code-coverage\build-output\ValueTestPrj.dll'
TpTrace Information: 0 : 18088, 1, 2022/07/05, 15:52:54.486, 15836364964112, vstest.console.dll, Determined framework for all sources: .NETCoreApp,Version=v5.0
TpTrace Information: 0 : 18088, 1, 2022/07/05, 15:52:54.487, 15836364969780, vstest.console.dll, AssemblyMetadataProvider.GetArchitecture: Determined architecture:AnyCPU info for assembly: H:\Learnings\CTS Core Demos\PipelineDemowithTest\ValueTestPrj\bin\Debug\net5.0\fine-code-coverage\build-output\ValueTestPrj.dll
TpTrace Information: 0 : 18088, 1, 2022/07/05, 15:52:54.489, 15836364988946, vstest.console.dll, Determined platform for all sources: X64
TpTrace Information: 0 : 18088, 1, 2022/07/05, 15:52:54.492, 15836365023005, vstest.console.dll, Compatible sources list : 
TpTrace Information: 0 : 18088, 1, 2022/07/05, 15:52:54.492, 15836365024561, vstest.console.dll, H:\Learnings\CTS Core Demos\PipelineDemowithTest\ValueTestPrj\bin\Debug\net5.0\fine-code-coverage\build-output\ValueTestPrj.dll
TpTrace Information: 0 : 18088, 1, 2022/07/05, 15:52:54.541, 15836365508558, vstest.console.dll, InferRunSettingsHelper.IsTestSettingsEnabled: Unable to navigate to RunSettings/MSTest. Current node: RunSettings
TpTrace Information: 0 : 18088, 1, 2022/07/05, 15:52:54.541, 15836365516760, vstest.console.dll, AssemblyResolver.OnResolve: Microsoft.VisualStudio.TestPlatform.Fakes: Resolving assembly.
TpTrace Information: 0 : 18088, 1, 2022/07/05, 15:52:54.542, 15836365517787, vstest.console.dll, AssemblyResolver.OnResolve: Microsoft.VisualStudio.TestPlatform.Fakes: Searching in: 'C:\Program Files\dotnet\sdk\6.0.106\Extensions'.
TpTrace Information: 0 : 18088, 1, 2022/07/05, 15:52:54.542, 15836365519012, vstest.console.dll, AssemblyResolver.OnResolve: Microsoft.VisualStudio.TestPlatform.Fakes: Assembly path does not exist: 'C:\Program Files\dotnet\sdk\6.0.106\Extensions\Microsoft.VisualStudio.TestPlatform.Fakes.dll', returning.
TpTrace Information: 0 : 18088, 1, 2022/07/05, 15:52:54.542, 15836365520042, vstest.console.dll, AssemblyResolver.OnResolve: Microsoft.VisualStudio.TestPlatform.Fakes: Assembly path does not exist: 'C:\Program Files\dotnet\sdk\6.0.106\Extensions\Microsoft.VisualStudio.TestPlatform.Fakes.exe', returning.
TpTrace Information: 0 : 18088, 1, 2022/07/05, 15:52:54.542, 15836365520726, vstest.console.dll, AssemblyResolver.OnResolve: Microsoft.VisualStudio.TestPlatform.Fakes: Searching in: 'C:\Program Files\dotnet\sdk\6.0.106'.
TpTrace Information: 0 : 18088, 1, 2022/07/05, 15:52:54.542, 15836365521700, vstest.console.dll, AssemblyResolver.OnResolve: Microsoft.VisualStudio.TestPlatform.Fakes: Assembly path does not exist: 'C:\Program Files\dotnet\sdk\6.0.106\Microsoft.VisualStudio.TestPlatform.Fakes.dll', returning.
TpTrace Information: 0 : 18088, 1, 2022/07/05, 15:52:54.542, 15836365522443, vstest.console.dll, AssemblyResolver.OnResolve: Microsoft.VisualStudio.TestPlatform.Fakes: Assembly path does not exist: 'C:\Program Files\dotnet\sdk\6.0.106\Microsoft.VisualStudio.TestPlatform.Fakes.exe', returning.
TpTrace Information: 0 : 18088, 1, 2022/07/05, 15:52:54.542, 15836365522840, vstest.console.dll, AssemblyResolver.OnResolve: Microsoft.VisualStudio.TestPlatform.Fakes: Failed to load assembly.
TpTrace Information: 0 : 18088, 1, 2022/07/05, 15:52:54.542, 15836365525823, vstest.console.dll, Failed to load assembly Microsoft.VisualStudio.TestPlatform.Fakes, Version=17.0.0.0, Culture=neutral. Reason:System.IO.FileNotFoundException: Could not load file or assembly 'Microsoft.VisualStudio.TestPlatform.Fakes, Version=17.0.0.0, Culture=neutral, PublicKeyToken=null'. The system cannot find the file specified.
File name: 'Microsoft.VisualStudio.TestPlatform.Fakes, Version=17.0.0.0, Culture=neutral, PublicKeyToken=null'
   at System.Reflection.RuntimeAssembly.InternalLoad(ObjectHandleOnStack assemblyName, ObjectHandleOnStack requestingAssembly, StackCrawlMarkHandle stackMark, Boolean throwOnFileNotFound, ObjectHandleOnStack assemblyLoadContext, ObjectHandleOnStack retAssembly)
   at System.Reflection.RuntimeAssembly.InternalLoad(AssemblyName assemblyName, RuntimeAssembly requestingAssembly, StackCrawlMark& stackMark, Boolean throwOnFileNotFound, AssemblyLoadContext assemblyLoadContext)
   at System.Reflection.Assembly.Load(AssemblyName assemblyRef)
   at Microsoft.VisualStudio.TestPlatform.Common.Utilities.FakesUtilities.LoadTestPlatformAssembly()
TpTrace Verbose: 0 : 18088, 1, 2022/07/05, 15:52:54.547, 15836365569074, vstest.console.dll, TestPluginCache.DiscoverTestExtensions: finding test extensions in assemblies ends with: TestLogger.dll TPluginInfo: Microsoft.VisualStudio.TestPlatform.Common.ExtensionFramework.Utilities.TestLoggerPluginInformation TExtension: Microsoft.VisualStudio.TestPlatform.ObjectModel.Client.ITestLogger
TpTrace Verbose: 0 : 18088, 1, 2022/07/05, 15:52:54.547, 15836365572135, vstest.console.dll, TestPluginCache.GetExtensionPaths: Filtered extension paths: 
TpTrace Verbose: 0 : 18088, 1, 2022/07/05, 15:52:54.547, 15836365577042, vstest.console.dll, TestPluginCache.GetExtensionPaths: Added default extension paths: C:\Program Files\dotnet\sdk\6.0.106\Extensions\Microsoft.Diagnostics.NETCore.Client.dll
C:\Program Files\dotnet\sdk\6.0.106\Extensions\Microsoft.TestPlatform.Extensions.BlameDataCollector.dll
C:\Program Files\dotnet\sdk\6.0.106\Extensions\Microsoft.TestPlatform.Extensions.EventLogCollector.dll
C:\Program Files\dotnet\sdk\6.0.106\Extensions\Microsoft.TestPlatform.TestHostRuntimeProvider.dll
C:\Program Files\dotnet\sdk\6.0.106\Extensions\Microsoft.VisualStudio.TestPlatform.Extensions.Html.TestLogger.dll
C:\Program Files\dotnet\sdk\6.0.106\Extensions\Microsoft.VisualStudio.TestPlatform.Extensions.Trx.TestLogger.dll
TpTrace Verbose: 0 : 18088, 1, 2022/07/05, 15:52:54.548, 15836365578206, vstest.console.dll, TestPluginCache.GetExtensionPaths: Added unfilterableExtensionPaths: 
TpTrace Information: 0 : 18088, 1, 2022/07/05, 15:52:54.548, 15836365581231, vstest.console.dll, AssemblyResolver.AddSearchDirectories: Adding more searchDirectories C:\Program Files\dotnet\sdk\6.0.106\Extensions,C:\Program Files\dotnet\sdk\6.0.106
TpTrace Verbose: 0 : 18088, 1, 2022/07/05, 15:52:54.548, 15836365582107, vstest.console.dll, TestPluginCache.DiscoverTestExtensions: Discovering the extensions using extension path.
TpTrace Verbose: 0 : 18088, 1, 2022/07/05, 15:52:54.548, 15836365582845, vstest.console.dll, TestPluginCache.GetExtensionPaths: Filtered extension paths: 
TpTrace Verbose: 0 : 18088, 1, 2022/07/05, 15:52:54.548, 15836365583570, vstest.console.dll, TestPluginCache.GetExtensionPaths: Added default extension paths: C:\Program Files\dotnet\sdk\6.0.106\Extensions\Microsoft.Diagnostics.NETCore.Client.dll
C:\Program Files\dotnet\sdk\6.0.106\Extensions\Microsoft.TestPlatform.Extensions.BlameDataCollector.dll
C:\Program Files\dotnet\sdk\6.0.106\Extensions\Microsoft.TestPlatform.Extensions.EventLogCollector.dll
C:\Program Files\dotnet\sdk\6.0.106\Extensions\Microsoft.TestPlatform.TestHostRuntimeProvider.dll
C:\Program Files\dotnet\sdk\6.0.106\Extensions\Microsoft.VisualStudio.TestPlatform.Extensions.Html.TestLogger.dll
C:\Program Files\dotnet\sdk\6.0.106\Extensions\Microsoft.VisualStudio.TestPlatform.Extensions.Trx.TestLogger.dll
TpTrace Verbose: 0 : 18088, 1, 2022/07/05, 15:52:54.548, 15836365584398, vstest.console.dll, TestPluginCache.GetExtensionPaths: Added unfilterableExtensionPaths: 
TpTrace Verbose: 0 : 18088, 1, 2022/07/05, 15:52:54.548, 15836365585438, vstest.console.dll, TestPluginCache.DiscoverTestExtensions: Discovering the extensions using allExtensionPaths: C:\Program Files\dotnet\sdk\6.0.106\Extensions\Microsoft.Diagnostics.NETCore.Client.dll
C:\Program Files\dotnet\sdk\6.0.106\Extensions\Microsoft.TestPlatform.Extensions.BlameDataCollector.dll
C:\Program Files\dotnet\sdk\6.0.106\Extensions\Microsoft.TestPlatform.Extensions.EventLogCollector.dll
C:\Program Files\dotnet\sdk\6.0.106\Extensions\Microsoft.TestPlatform.TestHostRuntimeProvider.dll
C:\Program Files\dotnet\sdk\6.0.106\Extensions\Microsoft.VisualStudio.TestPlatform.Extensions.Html.TestLogger.dll
C:\Program Files\dotnet\sdk\6.0.106\Extensions\Microsoft.VisualStudio.TestPlatform.Extensions.Trx.TestLogger.dll
TpTrace Information: 0 : 18088, 1, 2022/07/05, 15:52:54.548, 15836365586587, vstest.console.dll, AssemblyResolver.AddSearchDirectories: Adding more searchDirectories C:\Program Files\dotnet\sdk\6.0.106\Extensions,C:\Program Files\dotnet\sdk\6.0.106
TpTrace Information: 0 : 18088, 1, 2022/07/05, 15:52:54.549, 15836365587612, vstest.console.dll, AssemblyResolver.AddSearchDirectories: Adding more searchDirectories C:\Program Files\dotnet\sdk\6.0.106\Extensions,C:\Program Files\dotnet\sdk\6.0.106
TpTrace Information: 0 : 18088, 1, 2022/07/05, 15:52:54.549, 15836365588428, vstest.console.dll, AssemblyResolver.AddSearchDirectories: Adding more searchDirectories C:\Program Files\dotnet\sdk\6.0.106\Extensions,C:\Program Files\dotnet\sdk\6.0.106
TpTrace Information: 0 : 18088, 1, 2022/07/05, 15:52:54.549, 15836365589223, vstest.console.dll, AssemblyResolver.AddSearchDirectories: Adding more searchDirectories C:\Program Files\dotnet\sdk\6.0.106\Extensions,C:\Program Files\dotnet\sdk\6.0.106
TpTrace Information: 0 : 18088, 1, 2022/07/05, 15:52:54.549, 15836365590226, vstest.console.dll, AssemblyResolver.AddSearchDirectories: Adding more searchDirectories C:\Program Files\dotnet\sdk\6.0.106\Extensions,C:\Program Files\dotnet\sdk\6.0.106
TpTrace Information: 0 : 18088, 1, 2022/07/05, 15:52:54.549, 15836365591048, vstest.console.dll, AssemblyResolver.AddSearchDirectories: Adding more searchDirectories C:\Program Files\dotnet\sdk\6.0.106\Extensions,C:\Program Files\dotnet\sdk\6.0.106
TpTrace Information: 0 : 18088, 1, 2022/07/05, 15:52:54.549, 15836365596078, vstest.console.dll, AssemblyResolver.OnResolve: Microsoft.Bcl.AsyncInterfaces: Resolving assembly.
TpTrace Information: 0 : 18088, 1, 2022/07/05, 15:52:54.549, 15836365597033, vstest.console.dll, AssemblyResolver.OnResolve: Microsoft.Bcl.AsyncInterfaces: Resolved from cache.
TpTrace Verbose: 0 : 18088, 1, 2022/07/05, 15:52:54.550, 15836365597714, vstest.console.dll, CurrentDomainAssemblyResolve: Resolving assembly 'Microsoft.Bcl.AsyncInterfaces'.
TpTrace Information: 0 : 18088, 1, 2022/07/05, 15:52:54.550, 15836365598507, vstest.console.dll, AssemblyResolver.OnResolve: Microsoft.Bcl.AsyncInterfaces: Resolving assembly.
TpTrace Information: 0 : 18088, 1, 2022/07/05, 15:52:54.550, 15836365599078, vstest.console.dll, AssemblyResolver.OnResolve: Microsoft.Bcl.AsyncInterfaces: Resolved from cache.
TpTrace Verbose: 0 : 18088, 1, 2022/07/05, 15:52:54.550, 15836365603498, vstest.console.dll, CurrentDomainAssemblyResolve: Resolving assembly 'Microsoft.Bcl.AsyncInterfaces'.
TpTrace Verbose: 0 : 18088, 1, 2022/07/05, 15:52:54.550, 15836365604417, vstest.console.dll, CurrentDomainAssemblyResolve: Failed to resolve assembly 'Microsoft.Bcl.AsyncInterfaces'.
TpTrace Verbose: 0 : 18088, 1, 2022/07/05, 15:52:54.550, 15836365607382, vstest.console.dll, CurrentDomainAssemblyResolve: Failed to resolve assembly 'Microsoft.Bcl.AsyncInterfaces'.
TpTrace Warning: 0 : 18088, 1, 2022/07/05, 15:52:54.552, 15836365625440, vstest.console.dll, TestPluginDiscoverer: Failed to get types from assembly 'Microsoft.Diagnostics.NETCore.Client, Version=0.2.4.21401, Culture=neutral, PublicKeyToken=31bf3856ad364e35'.  Skipping test extension scan for this assembly.  Error: System.Reflection.ReflectionTypeLoadException: Unable to load one or more of the requested types.
Could not load file or assembly 'Microsoft.Bcl.AsyncInterfaces, Version=1.0.0.0, Culture=neutral, PublicKeyToken=cc7b13ffcd2ddd51'. The system cannot find the file specified.
   at System.Reflection.RuntimeModule.GetTypes(RuntimeModule module)
   at System.Reflection.Assembly.GetTypes()
   at Microsoft.VisualStudio.TestPlatform.Common.ExtensionFramework.TestPluginDiscoverer.GetTestExtensionsFromAssembly[TPluginInfo,TExtension](Assembly assembly, Dictionary`2 pluginInfos)
System.IO.FileNotFoundException: Could not load file or assembly 'Microsoft.Bcl.AsyncInterfaces, Version=1.0.0.0, Culture=neutral, PublicKeyToken=cc7b13ffcd2ddd51'. The system cannot find the file specified.
File name: 'Microsoft.Bcl.AsyncInterfaces, Version=1.0.0.0, Culture=neutral, PublicKeyToken=cc7b13ffcd2ddd51'
 ---> System.IO.FileNotFoundException: Could not load file or assembly 'Microsoft.Bcl.AsyncInterfaces, Culture=neutral, PublicKeyToken=null'. The system cannot find the file specified.
File name: 'Microsoft.Bcl.AsyncInterfaces, Culture=neutral, PublicKeyToken=null'
   at System.Reflection.RuntimeAssembly.InternalLoad(ObjectHandleOnStack assemblyName, ObjectHandleOnStack requestingAssembly, StackCrawlMarkHandle stackMark, Boolean throwOnFileNotFound, ObjectHandleOnStack assemblyLoadContext, ObjectHandleOnStack retAssembly)
   at System.Reflection.RuntimeAssembly.InternalLoad(AssemblyName assemblyName, RuntimeAssembly requestingAssembly, StackCrawlMark& stackMark, Boolean throwOnFileNotFound, AssemblyLoadContext assemblyLoadContext)
   at System.Reflection.Assembly.Load(AssemblyName assemblyRef)
   at Microsoft.VisualStudio.TestPlatform.Common.ExtensionFramework.TestPluginCache.CurrentDomainAssemblyResolve(Object sender, AssemblyResolveEventArgs args)
   at Microsoft.VisualStudio.TestPlatform.PlatformAbstractions.PlatformAssemblyResolver.AssemblyResolverEvent(Object sender, Object eventArgs)
   at System.Runtime.Loader.AssemblyLoadContext.GetFirstResolvedAssemblyFromResolvingEvent(AssemblyName assemblyName)
   at System.Runtime.Loader.AssemblyLoadContext.ResolveUsingEvent(AssemblyName assemblyName)
   at System.Runtime.Loader.AssemblyLoadContext.ResolveUsingResolvingEvent(IntPtr gchManagedAssemblyLoadContext, AssemblyName assemblyName)
TpTrace Warning: 0 : 18088, 1, 2022/07/05, 15:52:54.553, 15836365628069, vstest.console.dll, LoaderExceptions: System.IO.FileNotFoundException: Could not load file or assembly 'Microsoft.Bcl.AsyncInterfaces, Version=1.0.0.0, Culture=neutral, PublicKeyToken=cc7b13ffcd2ddd51'. The system cannot find the file specified.
File name: 'Microsoft.Bcl.AsyncInterfaces, Version=1.0.0.0, Culture=neutral, PublicKeyToken=cc7b13ffcd2ddd51'
 ---> System.IO.FileNotFoundException: Could not load file or assembly 'Microsoft.Bcl.AsyncInterfaces, Culture=neutral, PublicKeyToken=null'. The system cannot find the file specified.
File name: 'Microsoft.Bcl.AsyncInterfaces, Culture=neutral, PublicKeyToken=null'
   at System.Reflection.RuntimeAssembly.InternalLoad(ObjectHandleOnStack assemblyName, ObjectHandleOnStack requestingAssembly, StackCrawlMarkHandle stackMark, Boolean throwOnFileNotFound, ObjectHandleOnStack assemblyLoadContext, ObjectHandleOnStack retAssembly)
   at System.Reflection.RuntimeAssembly.InternalLoad(AssemblyName assemblyName, RuntimeAssembly requestingAssembly, StackCrawlMark& stackMark, Boolean throwOnFileNotFound, AssemblyLoadContext assemblyLoadContext)
   at System.Reflection.Assembly.Load(AssemblyName assemblyRef)
   at Microsoft.VisualStudio.TestPlatform.Common.ExtensionFramework.TestPluginCache.CurrentDomainAssemblyResolve(Object sender, AssemblyResolveEventArgs args)
   at Microsoft.VisualStudio.TestPlatform.PlatformAbstractions.PlatformAssemblyResolver.AssemblyResolverEvent(Object sender, Object eventArgs)
   at System.Runtime.Loader.AssemblyLoadContext.GetFirstResolvedAssemblyFromResolvingEvent(AssemblyName assemblyName)
   at System.Runtime.Loader.AssemblyLoadContext.ResolveUsingEvent(AssemblyName assemblyName)
   at System.Runtime.Loader.AssemblyLoadContext.ResolveUsingResolvingEvent(IntPtr gchManagedAssemblyLoadContext, AssemblyName assemblyName)
TpTrace Verbose: 0 : 18088, 1, 2022/07/05, 15:52:54.553, 15836365633787, vstest.console.dll, TestPluginCache: Discovered the extensions using extension path ''.
TpTrace Verbose: 0 : 18088, 1, 2022/07/05, 15:52:54.553, 15836365634552, vstest.console.dll, TestPluginCache: Discoverers are ''.
TpTrace Verbose: 0 : 18088, 1, 2022/07/05, 15:52:54.553, 15836365634918, vstest.console.dll, TestPluginCache: Executors are ''.
TpTrace Verbose: 0 : 18088, 1, 2022/07/05, 15:52:54.553, 15836365635235, vstest.console.dll, TestPluginCache: Executors2 are ''.
TpTrace Verbose: 0 : 18088, 1, 2022/07/05, 15:52:54.553, 15836365635542, vstest.console.dll, TestPluginCache: Setting providers are ''.
TpTrace Verbose: 0 : 18088, 1, 2022/07/05, 15:52:54.553, 15836365636327, vstest.console.dll, TestPluginCache: Loggers are 'logger://Microsoft/TestPlatform/Extensions/Blame/v1,logger://Microsoft/TestPlatform/HtmlLogger/v1,logger://Microsoft/TestPlatform/TrxLogger/v1'.
TpTrace Information: 0 : 18088, 1, 2022/07/05, 15:52:54.554, 15836365643145, vstest.console.dll, TestPluginManager.CreateTestExtension: Attempting to load test extension: Microsoft.TestPlatform.Extensions.BlameDataCollector.BlameLogger
TpTrace Information: 0 : 18088, 1, 2022/07/05, 15:52:54.609, 15836366193761, vstest.console.dll, TestPluginManager.CreateTestExtension: Attempting to load test extension: Microsoft.VisualStudio.TestPlatform.CrossPlatEngine.Hosting.DefaultTestHostManager
TpTrace Information: 0 : 18088, 1, 2022/07/05, 15:52:54.610, 15836366201489, vstest.console.dll, TestPluginManager.CreateTestExtension: Attempting to load test extension: Microsoft.VisualStudio.TestPlatform.CrossPlatEngine.Hosting.DotnetTestHostManager
TpTrace Verbose: 0 : 18088, 1, 2022/07/05, 15:52:54.611, 15836366208367, vstest.console.dll, TestEngine: Initializing Parallel Execution as MaxCpuCount is set to: 1
TpTrace Information: 0 : 18088, 1, 2022/07/05, 15:52:54.612, 15836366218809, vstest.console.dll, InferRunSettingsHelper.IsTestSettingsEnabled: Unable to navigate to RunSettings/MSTest. Current node: RunSettings
TpTrace Verbose: 0 : 18088, 1, 2022/07/05, 15:52:54.824, 15836368346268, vstest.console.dll, TestRequestSender is acting as server
TpTrace Verbose: 0 : 18088, 5, 2022/07/05, 15:52:54.831, 15836368413482, vstest.console.dll, DataCollectionRequestSender.InitializeCommunication : Initialize communication. 
TpTrace Information: 0 : 18088, 5, 2022/07/05, 15:52:54.868, 15836368784116, vstest.console.dll, Listening on Endpoint : 127.0.0.1:1140
TpTrace Verbose: 0 : 18088, 5, 2022/07/05, 15:52:54.942, 15836369520476, vstest.console.dll, DotnetDataCollectionLauncher: Full path of dotnet.exe is C:\Program Files\dotnet\dotnet.exe
TpTrace Verbose: 0 : 18088, 5, 2022/07/05, 15:52:54.942, 15836369523447, vstest.console.dll, DotnetDataCollectionLauncher: Adding  --runtimeconfig "C:\Program Files\dotnet\sdk\6.0.106\datacollector.runtimeconfig.json" in args
TpTrace Verbose: 0 : 18088, 5, 2022/07/05, 15:52:54.942, 15836369525056, vstest.console.dll, DotnetDataCollectionLauncher: Adding  --depsfile "C:\Program Files\dotnet\sdk\6.0.106\datacollector.deps.json" in args
TpTrace Information: 0 : 18088, 5, 2022/07/05, 15:52:54.960, 15836369703148, vstest.console.dll, ProxyDataCollectionManager.Initialize: Launched datacollector processId: 26896 port: 1140
TpTrace Information: 0 : 18088, 5, 2022/07/05, 15:52:54.961, 15836369709475, vstest.console.dll, ProxyDataCollectionManager.Initialize: waiting for connection with timeout: 90 seconds
TpTrace Verbose: 0 : 18088, 5, 2022/07/05, 15:52:54.961, 15836369710643, vstest.console.dll, DataCollectionRequestSender.WaitForRequestHandlerConnection : Waiting for connection with timeout: 90000
TpTrace Information: 0 : 18088, 8, 2022/07/05, 15:52:55.481, 15836374916263, vstest.console.dll, Using the buffer size of 16384 bytes
TpTrace Verbose: 0 : 18088, 5, 2022/07/05, 15:52:55.481, 15836374916916, vstest.console.dll, ProxyDataCollectionManager.InvokeDataCollectionServiceAction: Starting.
TpTrace Information: 0 : 18088, 8, 2022/07/05, 15:52:55.482, 15836374917673, vstest.console.dll, Accepted Client request and set the flag
TpTrace Information: 0 : 18088, 5, 2022/07/05, 15:52:55.482, 15836374919715, vstest.console.dll, ProxyDataCollectionManager.BeforeTestRunStart: Get environment variable and port for datacollector processId: 26896 port: 1140
TpTrace Verbose: 0 : 18088, 5, 2022/07/05, 15:52:55.482, 15836374921713, vstest.console.dll, DataCollectionRequestSender.SendBeforeTestRunStartAndGetResult : Send BeforeTestRunStart message with settingsXml <RunSettings><RunConfiguration><ResultsDirectory>H:\Learnings\CTS Core Demos\PipelineDemowithTest\ValueTestPrj\bin\Debug\net5.0\fine-code-coverage\coverage-tool-output</ResultsDirectory><TargetPlatform>X64</TargetPlatform><TargetFrameworkVersion>.NETCoreApp,Version=v5.0</TargetFrameworkVersion><DesignMode>False</DesignMode><CollectSourceInformation>False</CollectSourceInformation><TestAdaptersPaths>C:\Program Files\dotnet\sdk\6.0.106\Extensions</TestAdaptersPaths></RunConfiguration><LoggerRunSettings><Loggers><Logger friendlyName="blame" enabled="True" /><Logger friendlyName="Console" uri="logger://microsoft/TestPlatform/ConsoleLogger/v1" assemblyQualifiedName="Microsoft.VisualStudio.TestPlatform.CommandLine.Internal.ConsoleLogger, vstest.console, Version=15.0.0.0, Culture=neutral, PublicKeyToken=b03f5f7f11d50a3a" codeBase="C:\Program Files\dotnet\sdk\6.0.106\vstest.console.dll" enabled="True" /></Loggers></LoggerRunSettings><DataCollectionRunSettings><DataCollectors><DataCollector friendlyName="blame" enabled="True"><Configuration><ResultsDirectory>H:\Learnings\CTS Core Demos\PipelineDemowithTest\ValueTestPrj\bin\Debug\net5.0\fine-code-coverage\coverage-tool-output</ResultsDirectory></Configuration></DataCollector></DataCollectors></DataCollectionRunSettings></RunSettings> and sources System.Linq.Enumerable+Concat2Iterator`1[System.String]: 
TpTrace Verbose: 0 : 18088, 5, 2022/07/05, 15:52:55.909, 15836379189780, vstest.console.dll, DataCollectionRequestSender.SendBeforeTestRunStartAndGetResult : Received message: (DataCollection.SendMessage) -> {
  "FriendlyName": null,
  "Uri": null,
  "TestCaseId": "00000000-0000-0000-0000-000000000000",
  "Message": "Logging DataCollector Diagnostics in file: H:\\Learnings\\CTS Core Demos\\PipelineDemowithTest\\ValueTestPrj\\bin\\Debug\\net5.0\\fine-code-coverage\\coverage-tool-output\\diagnostics.datacollector.22-07-05_15-52-54_93733_5.log",
  "Level": 0
}
TpTrace Verbose: 0 : 18088, 5, 2022/07/05, 15:52:56.949, 15836389595756, vstest.console.dll, DataCollectionRequestSender.SendBeforeTestRunStartAndGetResult : Received message: (DataCollection.BeforeTestRunStartResult) -> {
  "EnvironmentVariables": {},
  "DataCollectionEventsPort": 1143
}
TpTrace Information: 0 : 18088, 5, 2022/07/05, 15:52:56.978, 15836389884277, vstest.console.dll, ProxyDataCollectionManager.BeforeTestRunStart: SendBeforeTestRunStartAndGetResult successful, env variable from datacollector:   and testhost port: 1143
TpTrace Information: 0 : 18088, 5, 2022/07/05, 15:52:56.978, 15836389885938, vstest.console.dll, ProxyDataCollectionManager.InvokeDataCollectionServiceAction: Completed.
TpTrace Verbose: 0 : 18088, 1, 2022/07/05, 15:52:56.979, 15836389889332, vstest.console.dll, TestRunRequest.ExecuteAsync: Creating test run request.
TpTrace Verbose: 0 : 18088, 1, 2022/07/05, 15:52:56.979, 15836389894109, vstest.console.dll, TestRunRequest.ExecuteAsync: Starting.
TpTrace Information: 0 : 18088, 1, 2022/07/05, 15:52:57.003, 15836390133683, vstest.console.dll, TestRunRequest.ExecuteAsync: Starting run with settings:TestRunCriteria:
   KeepAlive=False,FrequencyOfRunStatsChangeEvent=10,RunStatsChangeEventTimeout=00:00:01.5000000,TestCaseFilter=,TestExecutorLauncher=
   Settingsxml=<RunSettings>
  <RunConfiguration>
    <ResultsDirectory>H:\Learnings\CTS Core Demos\PipelineDemowithTest\ValueTestPrj\bin\Debug\net5.0\fine-code-coverage\coverage-tool-output</ResultsDirectory>
    <TargetPlatform>X64</TargetPlatform>
    <TargetFrameworkVersion>.NETCoreApp,Version=v5.0</TargetFrameworkVersion>
    <DesignMode>False</DesignMode>
    <CollectSourceInformation>False</CollectSourceInformation>
  </RunConfiguration>
  <LoggerRunSettings>
    <Loggers>
      <Logger friendlyName="blame" enabled="True" />
      <Logger friendlyName="Console" uri="logger://microsoft/TestPlatform/ConsoleLogger/v1" assemblyQualifiedName="Microsoft.VisualStudio.TestPlatform.CommandLine.Internal.ConsoleLogger, vstest.console, Version=15.0.0.0, Culture=neutral, PublicKeyToken=b03f5f7f11d50a3a" codeBase="C:\Program Files\dotnet\sdk\6.0.106\vstest.console.dll" enabled="True" />
    </Loggers>
  </LoggerRunSettings>
  <DataCollectionRunSettings>
    <DataCollectors>
      <DataCollector friendlyName="blame" enabled="True">
        <Configuration>
          <ResultsDirectory>H:\Learnings\CTS Core Demos\PipelineDemowithTest\ValueTestPrj\bin\Debug\net5.0\fine-code-coverage\coverage-tool-output</ResultsDirectory>
        </Configuration>
      </DataCollector>
    </DataCollectors>
  </DataCollectionRunSettings>
</RunSettings>

TpTrace Verbose: 0 : 18088, 1, 2022/07/05, 15:52:57.003, 15836390135792, vstest.console.dll, TestRunRequest.ExecuteAsync: Wait for the first run request is over.
TpTrace Verbose: 0 : 18088, 1, 2022/07/05, 15:52:57.005, 15836390148529, vstest.console.dll, ParallelProxyExecutionManager: Start execution. Total sources: 1
TpTrace Information: 0 : 18088, 1, 2022/07/05, 15:52:57.006, 15836390165590, vstest.console.dll, ProxyParallelExecutionManager: Triggering test run for next source: H:\Learnings\CTS Core Demos\PipelineDemowithTest\ValueTestPrj\bin\Debug\net5.0\fine-code-coverage\build-output\ValueTestPrj.dll
TpTrace Verbose: 0 : 18088, 1, 2022/07/05, 15:52:57.007, 15836390171916, vstest.console.dll, ProxyParallelExecutionManager: No sources available for execution.
TpTrace Information: 0 : 18088, 1, 2022/07/05, 15:52:57.007, 15836390173462, vstest.console.dll, TestRunRequest.ExecuteAsync: Started.
TpTrace Verbose: 0 : 18088, 1, 2022/07/05, 15:52:57.007, 15836390175202, vstest.console.dll, TestRunRequest.WaitForCompletion: Waiting with timeout -1.
TpTrace Verbose: 0 : 18088, 5, 2022/07/05, 15:52:57.007, 15836390177223, vstest.console.dll, ParallelProxyExecutionManager: Execution started. Started clients: 1
TpTrace Verbose: 0 : 18088, 5, 2022/07/05, 15:52:57.008, 15836390183266, vstest.console.dll, TestRunRequest:SendTestRunMessage: Starting.
TpTrace Information: 0 : 18088, 5, 2022/07/05, 15:52:57.008, 15836390186167, vstest.console.dll, TestRunRequest:SendTestRunMessage: Completed.
TpTrace Verbose: 0 : 18088, 5, 2022/07/05, 15:52:57.009, 15836390192302, vstest.console.dll, ProxyExecutionManager: Test host is always Lazy initialize.
TpTrace Verbose: 0 : 18088, 5, 2022/07/05, 15:52:57.010, 15836390199236, vstest.console.dll, TestRequestSender.InitializeCommunication: initialize communication. 
TpTrace Information: 0 : 18088, 5, 2022/07/05, 15:52:57.058, 15836390684039, vstest.console.dll, SocketServer.Start: Listening on endpoint : 127.0.0.1:1144
TpTrace Verbose: 0 : 18088, 5, 2022/07/05, 15:52:57.059, 15836390693705, vstest.console.dll, DotnetTestHostmanager: Adding  --runtimeconfig "H:\Learnings\CTS Core Demos\PipelineDemowithTest\ValueTestPrj\bin\Debug\net5.0\fine-code-coverage\build-output\ValueTestPrj.runtimeconfig.json" in args
TpTrace Verbose: 0 : 18088, 5, 2022/07/05, 15:52:57.059, 15836390695199, vstest.console.dll, DotnetTestHostmanager: Adding  --depsfile "H:\Learnings\CTS Core Demos\PipelineDemowithTest\ValueTestPrj\bin\Debug\net5.0\fine-code-coverage\build-output\ValueTestPrj.deps.json" in args
TpTrace Verbose: 0 : 18088, 5, 2022/07/05, 15:52:57.060, 15836390698043, vstest.console.dll, DotnetTestHostManager: Testhost.exe/testhost.x86.exe found at path: H:\Learnings\CTS Core Demos\PipelineDemowithTest\ValueTestPrj\bin\Debug\net5.0\fine-code-coverage\build-output\testhost.exe
TpTrace Verbose: 0 : 18088, 5, 2022/07/05, 15:52:57.060, 15836390698855, vstest.console.dll, DotnetTestHostmanager: Full path of host exe is H:\Learnings\CTS Core Demos\PipelineDemowithTest\ValueTestPrj\bin\Debug\net5.0\fine-code-coverage\build-output\testhost.exe
TpTrace Verbose: 0 : 18088, 7, 2022/07/05, 15:52:57.072, 15836390818081, vstest.console.dll, DotnetTestHostManager: Starting process 'H:\Learnings\CTS Core Demos\PipelineDemowithTest\ValueTestPrj\bin\Debug\net5.0\fine-code-coverage\build-output\testhost.exe' with command line ' --runtimeconfig "H:\Learnings\CTS Core Demos\PipelineDemowithTest\ValueTestPrj\bin\Debug\net5.0\fine-code-coverage\build-output\ValueTestPrj.runtimeconfig.json" --depsfile "H:\Learnings\CTS Core Demos\PipelineDemowithTest\ValueTestPrj\bin\Debug\net5.0\fine-code-coverage\build-output\ValueTestPrj.deps.json" --port 1144 --endpoint 127.0.0.1:01144 --role client --parentprocessid 18088 --diag "H:\Learnings\CTS Core Demos\PipelineDemowithTest\ValueTestPrj\bin\Debug\net5.0\fine-code-coverage\coverage-tool-output\diagnostics.host.22-07-05_15-52-57_05914_5.log" --tracelevel 4 --datacollectionport 1143 --telemetryoptedin false'
TpTrace Verbose: 0 : 18088, 7, 2022/07/05, 15:52:57.224, 15836392338668, vstest.console.dll, Test Runtime launched
TpTrace Verbose: 0 : 18088, 5, 2022/07/05, 15:52:57.224, 15836392346841, vstest.console.dll, TestRequestSender.WaitForRequestHandlerConnection: waiting for connection with timeout: 90000
TpTrace Verbose: 0 : 18088, 7, 2022/07/05, 15:52:58.571, 15836405816848, vstest.console.dll, SocketServer.OnClientConnected: Client connected for endPoint: 127.0.0.1:1144, starting MessageLoopAsync:
TpTrace Verbose: 0 : 18088, 7, 2022/07/05, 15:52:58.572, 15836405820929, vstest.console.dll, TcpClientExtensions.MessageLoopAsync: Polling on remoteEndPoint: 127.0.0.1:1149 localEndPoint: 127.0.0.1:1144
TpTrace Verbose: 0 : 18088, 7, 2022/07/05, 15:52:58.982, 15836409923521, vstest.console.dll, TcpClientExtensions.MessageLoopAsync: NotifyDataAvailable remoteEndPoint: 127.0.0.1:1149 localEndPoint: 127.0.0.1:1144
TpTrace Verbose: 0 : 18088, 7, 2022/07/05, 15:52:58.982, 15836409926589, vstest.console.dll, TestRequestSender.CheckVersionWithTestHost: onMessageReceived received message: (ProtocolVersion) -> 5
TpTrace Verbose: 0 : 18088, 7, 2022/07/05, 15:52:58.983, 15836409930951, vstest.console.dll, TcpClientExtensions.MessageLoopAsync: Polling on remoteEndPoint: 127.0.0.1:1149 localEndPoint: 127.0.0.1:1144
TpTrace Verbose: 0 : 18088, 5, 2022/07/05, 15:52:58.983, 15836409932406, vstest.console.dll, TestPluginCache.GetExtensionPaths: Filtered extension paths: 
TpTrace Verbose: 0 : 18088, 5, 2022/07/05, 15:52:58.983, 15836409933270, vstest.console.dll, TestPluginCache.GetExtensionPaths: Added default extension paths: C:\Program Files\dotnet\sdk\6.0.106\Extensions\Microsoft.Diagnostics.NETCore.Client.dll
C:\Program Files\dotnet\sdk\6.0.106\Extensions\Microsoft.TestPlatform.Extensions.BlameDataCollector.dll
C:\Program Files\dotnet\sdk\6.0.106\Extensions\Microsoft.TestPlatform.Extensions.EventLogCollector.dll
C:\Program Files\dotnet\sdk\6.0.106\Extensions\Microsoft.TestPlatform.TestHostRuntimeProvider.dll
C:\Program Files\dotnet\sdk\6.0.106\Extensions\Microsoft.VisualStudio.TestPlatform.Extensions.Html.TestLogger.dll
C:\Program Files\dotnet\sdk\6.0.106\Extensions\Microsoft.VisualStudio.TestPlatform.Extensions.Trx.TestLogger.dll
TpTrace Verbose: 0 : 18088, 5, 2022/07/05, 15:52:58.983, 15836409933836, vstest.console.dll, TestPluginCache.GetExtensionPaths: Added unfilterableExtensionPaths: 
TpTrace Verbose: 0 : 18088, 5, 2022/07/05, 15:52:58.988, 15836409983598, vstest.console.dll, TestRequestSender.InitializeExecution: Sending initializing execution with message: {"Version":5,"MessageType":"TestExecution.Initialize","Payload":["H:\\Learnings\\CTS Core Demos\\PipelineDemowithTest\\ValueTestPrj\\bin\\Debug\\net5.0\\fine-code-coverage\\build-output\\NUnit3.TestAdapter.dll"]}
TpTrace Verbose: 0 : 18088, 7, 2022/07/05, 15:52:59.000, 15836410105580, vstest.console.dll, TcpClientExtensions.MessageLoopAsync: NotifyDataAvailable remoteEndPoint: 127.0.0.1:1149 localEndPoint: 127.0.0.1:1144
TpTrace Verbose: 0 : 18088, 7, 2022/07/05, 15:52:59.000, 15836410107460, vstest.console.dll, TestRequestSender.OnExecutionMessageReceived: Received message: {"Version":5,"MessageType":"TestSession.Message","Payload":{"MessageLevel":0,"Message":"Logging TestHost Diagnostics in file: H:\\Learnings\\CTS Core Demos\\PipelineDemowithTest\\ValueTestPrj\\bin\\Debug\\net5.0\\fine-code-coverage\\coverage-tool-output\\diagnostics.host.22-07-05_15-52-57_05914_5.log"}}
TpTrace Verbose: 0 : 18088, 7, 2022/07/05, 15:52:59.003, 15836410130564, vstest.console.dll, TestRunRequest:SendTestRunMessage: Starting.
TpTrace Information: 0 : 18088, 7, 2022/07/05, 15:52:59.003, 15836410132772, vstest.console.dll, TestRunRequest:SendTestRunMessage: Completed.
TpTrace Verbose: 0 : 18088, 7, 2022/07/05, 15:52:59.003, 15836410133474, vstest.console.dll, TcpClientExtensions.MessageLoopAsync: Polling on remoteEndPoint: 127.0.0.1:1149 localEndPoint: 127.0.0.1:1144
TpTrace Verbose: 0 : 18088, 5, 2022/07/05, 15:52:59.042, 15836410526631, vstest.console.dll, TestRequestSender.StartTestRun: Sending test run with message: {"Version":5,"MessageType":"TestExecution.StartWithSources","Payload":{"AdapterSourceMap":{"_none_":["H:\\Learnings\\CTS Core Demos\\PipelineDemowithTest\\ValueTestPrj\\bin\\Debug\\net5.0\\fine-code-coverage\\build-output\\ValueTestPrj.dll"]},"RunSettings":"<RunSettings>\r\n  <RunConfiguration>\r\n    <ResultsDirectory>H:\\Learnings\\CTS Core Demos\\PipelineDemowithTest\\ValueTestPrj\\bin\\Debug\\net5.0\\fine-code-coverage\\coverage-tool-output</ResultsDirectory>\r\n    <TargetPlatform>X64</TargetPlatform>\r\n    <TargetFrameworkVersion>.NETCoreApp,Version=v5.0</TargetFrameworkVersion>\r\n    <DesignMode>False</DesignMode>\r\n    <CollectSourceInformation>False</CollectSourceInformation>\r\n  </RunConfiguration>\r\n  <LoggerRunSettings>\r\n    <Loggers>\r\n      <Logger friendlyName=\"blame\" enabled=\"True\" />\r\n      <Logger friendlyName=\"Console\" uri=\"logger://microsoft/TestPlatform/ConsoleLogger/v1\" assemblyQualifiedName=\"Microsoft.VisualStudio.TestPlatform.CommandLine.Internal.ConsoleLogger, vstest.console, Version=15.0.0.0, Culture=neutral, PublicKeyToken=b03f5f7f11d50a3a\" codeBase=\"C:\\Program Files\\dotnet\\sdk\\6.0.106\\vstest.console.dll\" enabled=\"True\" />\r\n    </Loggers>\r\n  </LoggerRunSettings>\r\n  <DataCollectionRunSettings>\r\n    <DataCollectors>\r\n      <DataCollector friendlyName=\"blame\" enabled=\"True\">\r\n        <Configuration>\r\n          <ResultsDirectory>H:\\Learnings\\CTS Core Demos\\PipelineDemowithTest\\ValueTestPrj\\bin\\Debug\\net5.0\\fine-code-coverage\\coverage-tool-output</ResultsDirectory>\r\n        </Configuration>\r\n      </DataCollector>\r\n    </DataCollectors>\r\n  </DataCollectionRunSettings>\r\n</RunSettings>","TestExecutionContext":{"FrequencyOfRunStatsChangeEvent":10,"RunStatsChangeEventTimeout":"00:00:01.5000000","InIsolation":false,"KeepAlive":false,"AreTestCaseLevelEventsRequired":false,"IsDebug":false,"TestCaseFilter":null,"FilterOptions":null},"Package":null}}
TpTrace Verbose: 0 : 18088, 7, 2022/07/05, 15:52:59.600, 15836416097591, vstest.console.dll, TcpClientExtensions.MessageLoopAsync: NotifyDataAvailable remoteEndPoint: 127.0.0.1:1149 localEndPoint: 127.0.0.1:1144
TpTrace Verbose: 0 : 18088, 7, 2022/07/05, 15:52:59.600, 15836416099275, vstest.console.dll, TestRequestSender.OnExecutionMessageReceived: Received message: {"Version":5,"MessageType":"TestSession.Message","Payload":{"MessageLevel":0,"Message":"NUnit Adapter 3.17.0.0: Test execution started"}}
TpTrace Verbose: 0 : 18088, 7, 2022/07/05, 15:52:59.600, 15836416105821, vstest.console.dll, TestRunRequest:SendTestRunMessage: Starting.
TpTrace Information: 0 : 18088, 7, 2022/07/05, 15:52:59.600, 15836416107378, vstest.console.dll, TestRunRequest:SendTestRunMessage: Completed.
TpTrace Verbose: 0 : 18088, 7, 2022/07/05, 15:52:59.601, 15836416108032, vstest.console.dll, TcpClientExtensions.MessageLoopAsync: Polling on remoteEndPoint: 127.0.0.1:1149 localEndPoint: 127.0.0.1:1144
TpTrace Verbose: 0 : 18088, 7, 2022/07/05, 15:52:59.658, 15836416686494, vstest.console.dll, TcpClientExtensions.MessageLoopAsync: NotifyDataAvailable remoteEndPoint: 127.0.0.1:1149 localEndPoint: 127.0.0.1:1144
TpTrace Verbose: 0 : 18088, 7, 2022/07/05, 15:52:59.659, 15836416688113, vstest.console.dll, TestRequestSender.OnExecutionMessageReceived: Received message: {"Version":5,"MessageType":"TestSession.Message","Payload":{"MessageLevel":0,"Message":"Running all tests in H:\\Learnings\\CTS Core Demos\\PipelineDemowithTest\\ValueTestPrj\\bin\\Debug\\net5.0\\fine-code-coverage\\build-output\\ValueTestPrj.dll"}}
TpTrace Verbose: 0 : 18088, 7, 2022/07/05, 15:52:59.659, 15836416691049, vstest.console.dll, TestRunRequest:SendTestRunMessage: Starting.
TpTrace Information: 0 : 18088, 7, 2022/07/05, 15:52:59.659, 15836416692380, vstest.console.dll, TestRunRequest:SendTestRunMessage: Completed.
TpTrace Verbose: 0 : 18088, 7, 2022/07/05, 15:52:59.659, 15836416693089, vstest.console.dll, TcpClientExtensions.MessageLoopAsync: Polling on remoteEndPoint: 127.0.0.1:1149 localEndPoint: 127.0.0.1:1144
TpTrace Verbose: 0 : 18088, 7, 2022/07/05, 15:53:00.012, 15836420224098, vstest.console.dll, TcpClientExtensions.MessageLoopAsync: NotifyDataAvailable remoteEndPoint: 127.0.0.1:1149 localEndPoint: 127.0.0.1:1144
TpTrace Verbose: 0 : 18088, 7, 2022/07/05, 15:53:00.012, 15836420225527, vstest.console.dll, TestRequestSender.OnExecutionMessageReceived: Received message: {"Version":5,"MessageType":"TestSession.Message","Payload":{"MessageLevel":0,"Message":"   NUnit3TestExecutor discovered 1 of 1 NUnit test cases"}}
TpTrace Verbose: 0 : 18088, 7, 2022/07/05, 15:53:00.013, 15836420227847, vstest.console.dll, TestRunRequest:SendTestRunMessage: Starting.
TpTrace Information: 0 : 18088, 7, 2022/07/05, 15:53:00.013, 15836420228989, vstest.console.dll, TestRunRequest:SendTestRunMessage: Completed.
TpTrace Verbose: 0 : 18088, 7, 2022/07/05, 15:53:00.013, 15836420229639, vstest.console.dll, TcpClientExtensions.MessageLoopAsync: Polling on remoteEndPoint: 127.0.0.1:1149 localEndPoint: 127.0.0.1:1144
TpTrace Verbose: 0 : 18088, 7, 2022/07/05, 15:53:00.587, 15836425968704, vstest.console.dll, TcpClientExtensions.MessageLoopAsync: NotifyDataAvailable remoteEndPoint: 127.0.0.1:1149 localEndPoint: 127.0.0.1:1144
TpTrace Verbose: 0 : 18088, 7, 2022/07/05, 15:53:00.587, 15836425970509, vstest.console.dll, TestRequestSender.OnExecutionMessageReceived: Received message: {"Version":5,"MessageType":"TestSession.Message","Payload":{"MessageLevel":0,"Message":"NUnit Adapter 3.17.0.0: Test execution complete"}}
TpTrace Verbose: 0 : 18088, 7, 2022/07/05, 15:53:00.587, 15836425972874, vstest.console.dll, TestRunRequest:SendTestRunMessage: Starting.
TpTrace Information: 0 : 18088, 7, 2022/07/05, 15:53:00.587, 15836425973927, vstest.console.dll, TestRunRequest:SendTestRunMessage: Completed.
TpTrace Verbose: 0 : 18088, 7, 2022/07/05, 15:53:00.587, 15836425974663, vstest.console.dll, TcpClientExtensions.MessageLoopAsync: Polling on remoteEndPoint: 127.0.0.1:1149 localEndPoint: 127.0.0.1:1144
TpTrace Verbose: 0 : 18088, 7, 2022/07/05, 15:53:00.655, 15836426656120, vstest.console.dll, TcpClientExtensions.MessageLoopAsync: NotifyDataAvailable remoteEndPoint: 127.0.0.1:1149 localEndPoint: 127.0.0.1:1144
TpTrace Verbose: 0 : 18088, 7, 2022/07/05, 15:53:00.656, 15836426658249, vstest.console.dll, TestRequestSender.OnExecutionMessageReceived: Received message: {"Version":5,"MessageType":"TestExecution.Completed","Payload":{"TestRunCompleteArgs":{"TestRunStatistics":{"ExecutedTests":1,"Stats":{"Passed":1}},"IsCanceled":false,"IsAborted":false,"Error":null,"AttachmentSets":[],"ElapsedTimeInRunningTests":"00:00:01.0332186","Metrics":{}},"LastRunTests":{"NewTestResults":[{"TestCase":{"Id":"fd640c7f-4f80-eb68-d3c3-b41413ebc23f","FullyQualifiedName":"ValueTestPrj.Tests.TestGetValuesMethod","DisplayName":"TestGetValuesMethod","ExecutorUri":"executor://NUnit3TestExecutor","Source":"H:\\Learnings\\CTS Core Demos\\PipelineDemowithTest\\ValueTestPrj\\bin\\Debug\\net5.0\\fine-code-coverage\\build-output\\ValueTestPrj.dll","CodeFilePath":null,"LineNumber":0,"Properties":[]},"Attachments":[],"Outcome":1,"ErrorMessage":null,"ErrorStackTrace":null,"DisplayName":"TestGetValuesMethod","Messages":[],"ComputerName":"LAPTOP-U13V2G8I","Duration":"00:00:00.0962810","StartTime":"2022-07-05T10:23:00.3968407+00:00","EndTime":"2022-07-05T10:23:00.4929792+00:00","Properties":[]}],"TestRunStatistics":{"ExecutedTests":1,"Stats":{"Passed":1}},"ActiveTests":[]},"RunAttachments":[],"ExecutorUris":["executor://nunit3testexecutor/"]}}
TpTrace Verbose: 0 : 18088, 7, 2022/07/05, 15:53:00.690, 15836426998984, vstest.console.dll, TestRequestSender.EndSession: Sending end session.
TpTrace Verbose: 0 : 18088, 7, 2022/07/05, 15:53:00.690, 15836427002298, vstest.console.dll, ProxyOperationManager.Close: waiting for test host to exit for 100 ms
TpTrace Warning: 0 : 18088, 11, 2022/07/05, 15:53:00.745, 15836427554074, vstest.console.dll, TestHostManagerCallbacks.ErrorReceivedCallback Test host standard error line: 
TpTrace Verbose: 0 : 18088, 8, 2022/07/05, 15:53:00.756, 15836427660014, vstest.console.dll, TestHostProvider.ExitCallBack: Host exited starting callback.
TpTrace Information: 0 : 18088, 8, 2022/07/05, 15:53:00.756, 15836427665090, vstest.console.dll, TestHostManagerCallbacks.ExitCallBack: Testhost processId: 30560 exited with exitcode: 0 error: ''
TpTrace Verbose: 0 : 18088, 8, 2022/07/05, 15:53:00.756, 15836427666531, vstest.console.dll, DotnetTestHostManager.OnHostExited: invoking OnHostExited callback
TpTrace Verbose: 0 : 18088, 8, 2022/07/05, 15:53:00.756, 15836427667448, vstest.console.dll, CrossPlatEngine.TestHostManagerHostExited: calling on client process exit callback.
TpTrace Information: 0 : 18088, 8, 2022/07/05, 15:53:00.757, 15836427668330, vstest.console.dll, TestRequestSender.OnClientProcessExit: Test host process exited. Standard error: 
TpTrace Warning: 0 : 18088, 7, 2022/07/05, 15:53:00.757, 15836427668338, vstest.console.dll, ProxyOperationManager: Timed out waiting for test host to exit. Will terminate process.
TpTrace Information: 0 : 18088, 8, 2022/07/05, 15:53:00.757, 15836427668991, vstest.console.dll, SocketServer.Stop: Stop server endPoint: 127.0.0.1:1144
TpTrace Information: 0 : 18088, 8, 2022/07/05, 15:53:00.757, 15836427670282, vstest.console.dll, SocketServer.Stop: Cancellation requested. Stopping message loop.
TpTrace Verbose: 0 : 18088, 7, 2022/07/05, 15:53:00.757, 15836427675854, vstest.console.dll, ProxyDataCollectionManager.InvokeDataCollectionServiceAction: Starting.
TpTrace Information: 0 : 18088, 7, 2022/07/05, 15:53:00.757, 15836427676850, vstest.console.dll, ProxyDataCollectionManager.AfterTestRunEnd: Get attachment set for datacollector processId: 26896 port: 1140
TpTrace Verbose: 0 : 18088, 7, 2022/07/05, 15:53:00.758, 15836427677576, vstest.console.dll, DataCollectionRequestSender.SendAfterTestRunStartAndGetResult : Send AfterTestRunEnd message with isCancelled: False
TpTrace Verbose: 0 : 18088, 7, 2022/07/05, 15:53:00.763, 15836427737391, vstest.console.dll, DataCollectionRequestSender.SendAfterTestRunStartAndGetResult : Received message: (DataCollection.AfterTestRunEndResult) -> {
  "AttachmentSets": [],
  "Metrics": {}
}
TpTrace Information: 0 : 18088, 7, 2022/07/05, 15:53:00.767, 15836427768531, vstest.console.dll, ProxyDataCollectionManager.InvokeDataCollectionServiceAction: Completed.
TpTrace Warning: 0 : 18088, 10, 2022/07/05, 15:53:00.979, 15836429894978, vstest.console.dll, DataCollectionLauncher.ErrorReceivedCallback datacollector standard error line: 
TpTrace Information: 0 : 18088, 8, 2022/07/05, 15:53:00.979, 15836429896498, vstest.console.dll, DataCollectionLauncher.ExitCallBack: Data collector exited with exitcode: 0 error: ''
TpTrace Verbose: 0 : 18088, 7, 2022/07/05, 15:53:01.049, 15836430591064, vstest.console.dll, TestRunRequest:SendTestRunStatsChange: Starting.
TpTrace Information: 0 : 18088, 7, 2022/07/05, 15:53:01.049, 15836430595683, vstest.console.dll, TestRunRequest:SendTestRunStatsChange: Completed.
TpTrace Verbose: 0 : 18088, 7, 2022/07/05, 15:53:01.050, 15836430600762, vstest.console.dll, ParallelProxyExecutionManager: HandlePartialRunComplete: Total completed clients = 1, Run complete = True, Run canceled: False.
TpTrace Verbose: 0 : 18088, 7, 2022/07/05, 15:53:01.106, 15836431163526, vstest.console.dll, TestRunRequest:TestRunComplete: Starting. IsAborted:False IsCanceled:False.
TpTrace Verbose: 0 : 18088, 7, 2022/07/05, 15:53:01.106, 15836431166485, vstest.console.dll, TestLoggerManager.HandleTestRunComplete: Ignoring as the object is disposed.
TpTrace Information: 0 : 18088, 7, 2022/07/05, 15:53:01.107, 15836431170818, vstest.console.dll, TestRunRequest:TestRunComplete: Completed.
TpTrace Verbose: 0 : 18088, 1, 2022/07/05, 15:53:01.107, 15836431171173, vstest.console.dll, TestRunRequest.Dispose: Starting.
TpTrace Verbose: 0 : 18088, 7, 2022/07/05, 15:53:01.107, 15836431172007, vstest.console.dll, TestRequestSender.SetOperationComplete: Setting operation complete.
TpTrace Information: 0 : 18088, 1, 2022/07/05, 15:53:01.107, 15836431173081, vstest.console.dll, TestRunRequest.Dispose: Completed.
TpTrace Information: 0 : 18088, 7, 2022/07/05, 15:53:01.107, 15836431174054, vstest.console.dll, SocketServer.Stop: Stop server endPoint: 127.0.0.1:1144
TpTrace Information: 0 : 18088, 1, 2022/07/05, 15:53:01.107, 15836431174097, vstest.console.dll, TestRequestManager.RunTests: run tests completed.
TpTrace Information: 0 : 18088, 7, 2022/07/05, 15:53:01.107, 15836431174612, vstest.console.dll, SocketServer.Stop: Cancellation requested. Stopping message loop.
TpTrace Information: 0 : 18088, 1, 2022/07/05, 15:53:01.107, 15836431175892, vstest.console.dll, RunTestsArgumentProcessor:Execute: Test run is completed.
TpTrace Information: 0 : 18088, 7, 2022/07/05, 15:53:01.107, 15836431176031, vstest.console.dll, SocketServer.PrivateStop: Stopping server endPoint: 127.0.0.1:1144 error: 
TpTrace Verbose: 0 : 18088, 1, 2022/07/05, 15:53:01.108, 15836431177683, vstest.console.dll, Executor.Execute: Exiting with exit code of 0
TpTrace Verbose: 0 : 18088, 7, 2022/07/05, 15:53:01.108, 15836431185304, vstest.console.dll, LengthPrefixCommunicationChannel.Dispose: Dispose reader and writer.
TpTrace Information: 0 : 18088, 7, 2022/07/05, 15:53:01.108, 15836431186857, vstest.console.dll, SocketServer.Stop: Raise disconnected event endPoint: 127.0.0.1:1144 error: 
