TpTrace Verbose: 0 : 23076, 1, 2022/07/22, 19:04:10.116, 2967849679427, vstest.console.dll, Version: 17.0.0
TpTrace Information: 0 : 23076, 1, 2022/07/22, 19:04:10.173, 2967850225301, vstest.console.dll, FilePatternParser: The given file H:\Learnings\ASP.NET Core\CodeCoverageEg\CodeCoverageTest\bin\Debug\net5.0\fine-code-coverage\build-output\CodeCoverageTest.dll is a full path.
TpTrace Verbose: 0 : 23076, 1, 2022/07/22, 19:04:10.272, 2967851217197, vstest.console.dll, TestPluginCache.DiscoverTestExtensions: finding test extensions in assemblies ends with: RuntimeProvider.dll TPluginInfo: Microsoft.VisualStudio.TestPlatform.Common.ExtensionFramework.Utilities.TestRuntimePluginInformation TExtension: Microsoft.VisualStudio.TestPlatform.ObjectModel.Host.ITestRuntimeProvider
TpTrace Verbose: 0 : 23076, 1, 2022/07/22, 19:04:10.273, 2967851223428, vstest.console.dll, TestPluginCache.GetExtensionPaths: Filtered extension paths: 
TpTrace Verbose: 0 : 23076, 1, 2022/07/22, 19:04:10.273, 2967851225095, vstest.console.dll, TestPluginCache.GetExtensionPaths: Added default extension paths: C:\Program Files\dotnet\sdk\6.0.107\Extensions\Microsoft.Diagnostics.NETCore.Client.dll
C:\Program Files\dotnet\sdk\6.0.107\Extensions\Microsoft.TestPlatform.Extensions.BlameDataCollector.dll
C:\Program Files\dotnet\sdk\6.0.107\Extensions\Microsoft.TestPlatform.Extensions.EventLogCollector.dll
C:\Program Files\dotnet\sdk\6.0.107\Extensions\Microsoft.TestPlatform.TestHostRuntimeProvider.dll
C:\Program Files\dotnet\sdk\6.0.107\Extensions\Microsoft.VisualStudio.TestPlatform.Extensions.Html.TestLogger.dll
C:\Program Files\dotnet\sdk\6.0.107\Extensions\Microsoft.VisualStudio.TestPlatform.Extensions.Trx.TestLogger.dll
TpTrace Verbose: 0 : 23076, 1, 2022/07/22, 19:04:10.273, 2967851225918, vstest.console.dll, TestPluginCache.GetExtensionPaths: Added unfilterableExtensionPaths: 
TpTrace Information: 0 : 23076, 1, 2022/07/22, 19:04:10.274, 2967851235939, vstest.console.dll, AssemblyResolver.ctor: Creating AssemblyResolver with searchDirectories C:\Program Files\dotnet\sdk\6.0.107\Extensions,C:\Program Files\dotnet\sdk\6.0.107
TpTrace Verbose: 0 : 23076, 1, 2022/07/22, 19:04:10.276, 2967851249028, vstest.console.dll, TestPluginCache.DiscoverTestExtensions: Discovering the extensions using extension path.
TpTrace Verbose: 0 : 23076, 1, 2022/07/22, 19:04:10.276, 2967851253176, vstest.console.dll, TestPluginCache.GetExtensionPaths: Filtered extension paths: 
TpTrace Verbose: 0 : 23076, 1, 2022/07/22, 19:04:10.276, 2967851253750, vstest.console.dll, TestPluginCache.GetExtensionPaths: Added default extension paths: C:\Program Files\dotnet\sdk\6.0.107\Extensions\Microsoft.Diagnostics.NETCore.Client.dll
C:\Program Files\dotnet\sdk\6.0.107\Extensions\Microsoft.TestPlatform.Extensions.BlameDataCollector.dll
C:\Program Files\dotnet\sdk\6.0.107\Extensions\Microsoft.TestPlatform.Extensions.EventLogCollector.dll
C:\Program Files\dotnet\sdk\6.0.107\Extensions\Microsoft.TestPlatform.TestHostRuntimeProvider.dll
C:\Program Files\dotnet\sdk\6.0.107\Extensions\Microsoft.VisualStudio.TestPlatform.Extensions.Html.TestLogger.dll
C:\Program Files\dotnet\sdk\6.0.107\Extensions\Microsoft.VisualStudio.TestPlatform.Extensions.Trx.TestLogger.dll
TpTrace Verbose: 0 : 23076, 1, 2022/07/22, 19:04:10.276, 2967851254147, vstest.console.dll, TestPluginCache.GetExtensionPaths: Added unfilterableExtensionPaths: 
TpTrace Verbose: 0 : 23076, 1, 2022/07/22, 19:04:10.276, 2967851254958, vstest.console.dll, TestPluginCache.DiscoverTestExtensions: Discovering the extensions using allExtensionPaths: C:\Program Files\dotnet\sdk\6.0.107\Extensions\Microsoft.Diagnostics.NETCore.Client.dll
C:\Program Files\dotnet\sdk\6.0.107\Extensions\Microsoft.TestPlatform.Extensions.BlameDataCollector.dll
C:\Program Files\dotnet\sdk\6.0.107\Extensions\Microsoft.TestPlatform.Extensions.EventLogCollector.dll
C:\Program Files\dotnet\sdk\6.0.107\Extensions\Microsoft.TestPlatform.TestHostRuntimeProvider.dll
C:\Program Files\dotnet\sdk\6.0.107\Extensions\Microsoft.VisualStudio.TestPlatform.Extensions.Html.TestLogger.dll
C:\Program Files\dotnet\sdk\6.0.107\Extensions\Microsoft.VisualStudio.TestPlatform.Extensions.Trx.TestLogger.dll
TpTrace Information: 0 : 23076, 1, 2022/07/22, 19:04:10.277, 2967851258400, vstest.console.dll, AssemblyResolver.AddSearchDirectories: Adding more searchDirectories C:\Program Files\dotnet\sdk\6.0.107\Extensions,C:\Program Files\dotnet\sdk\6.0.107
TpTrace Information: 0 : 23076, 1, 2022/07/22, 19:04:10.277, 2967851261122, vstest.console.dll, AssemblyResolver.AddSearchDirectories: Adding more searchDirectories C:\Program Files\dotnet\sdk\6.0.107\Extensions,C:\Program Files\dotnet\sdk\6.0.107
TpTrace Information: 0 : 23076, 1, 2022/07/22, 19:04:10.277, 2967851261930, vstest.console.dll, AssemblyResolver.AddSearchDirectories: Adding more searchDirectories C:\Program Files\dotnet\sdk\6.0.107\Extensions,C:\Program Files\dotnet\sdk\6.0.107
TpTrace Information: 0 : 23076, 1, 2022/07/22, 19:04:10.277, 2967851262568, vstest.console.dll, AssemblyResolver.AddSearchDirectories: Adding more searchDirectories C:\Program Files\dotnet\sdk\6.0.107\Extensions,C:\Program Files\dotnet\sdk\6.0.107
TpTrace Information: 0 : 23076, 1, 2022/07/22, 19:04:10.277, 2967851263275, vstest.console.dll, AssemblyResolver.AddSearchDirectories: Adding more searchDirectories C:\Program Files\dotnet\sdk\6.0.107\Extensions,C:\Program Files\dotnet\sdk\6.0.107
TpTrace Information: 0 : 23076, 1, 2022/07/22, 19:04:10.277, 2967851264006, vstest.console.dll, AssemblyResolver.AddSearchDirectories: Adding more searchDirectories C:\Program Files\dotnet\sdk\6.0.107\Extensions,C:\Program Files\dotnet\sdk\6.0.107
TpTrace Information: 0 : 23076, 1, 2022/07/22, 19:04:10.278, 2967851277231, vstest.console.dll, AssemblyResolver.OnResolve: Microsoft.Diagnostics.NETCore.Client: Resolving assembly.
TpTrace Information: 0 : 23076, 1, 2022/07/22, 19:04:10.279, 2967851279305, vstest.console.dll, AssemblyResolver.OnResolve: Microsoft.Diagnostics.NETCore.Client: Searching in: 'C:\Program Files\dotnet\sdk\6.0.107\Extensions'.
TpTrace Information: 0 : 23076, 1, 2022/07/22, 19:04:10.303, 2967851524208, vstest.console.dll, AssemblyResolver.OnResolve: Microsoft.Diagnostics.NETCore.Client: Loading assembly 'C:\Program Files\dotnet\sdk\6.0.107\Extensions\Microsoft.Diagnostics.NETCore.Client.dll'.
TpTrace Information: 0 : 23076, 1, 2022/07/22, 19:04:10.305, 2967851547468, vstest.console.dll, AssemblyResolver.OnResolve: Resolved assembly: Microsoft.Diagnostics.NETCore.Client, from path: C:\Program Files\dotnet\sdk\6.0.107\Extensions\Microsoft.Diagnostics.NETCore.Client.dll
TpTrace Information: 0 : 23076, 1, 2022/07/22, 19:04:10.328, 2967851774395, vstest.console.dll, AssemblyResolver.OnResolve: Microsoft.Bcl.AsyncInterfaces: Resolving assembly.
TpTrace Information: 0 : 23076, 1, 2022/07/22, 19:04:10.329, 2967851781516, vstest.console.dll, AssemblyResolver.OnResolve: Microsoft.Bcl.AsyncInterfaces: Searching in: 'C:\Program Files\dotnet\sdk\6.0.107\Extensions'.
TpTrace Information: 0 : 23076, 1, 2022/07/22, 19:04:10.329, 2967851785200, vstest.console.dll, AssemblyResolver.OnResolve: Microsoft.Bcl.AsyncInterfaces: Assembly path does not exist: 'C:\Program Files\dotnet\sdk\6.0.107\Extensions\Microsoft.Bcl.AsyncInterfaces.dll', returning.
TpTrace Information: 0 : 23076, 1, 2022/07/22, 19:04:10.329, 2967851787751, vstest.console.dll, AssemblyResolver.OnResolve: Microsoft.Bcl.AsyncInterfaces: Assembly path does not exist: 'C:\Program Files\dotnet\sdk\6.0.107\Extensions\Microsoft.Bcl.AsyncInterfaces.exe', returning.
TpTrace Information: 0 : 23076, 1, 2022/07/22, 19:04:10.330, 2967851788301, vstest.console.dll, AssemblyResolver.OnResolve: Microsoft.Bcl.AsyncInterfaces: Searching in: 'C:\Program Files\dotnet\sdk\6.0.107'.
TpTrace Information: 0 : 23076, 1, 2022/07/22, 19:04:10.330, 2967851789147, vstest.console.dll, AssemblyResolver.OnResolve: Microsoft.Bcl.AsyncInterfaces: Assembly path does not exist: 'C:\Program Files\dotnet\sdk\6.0.107\Microsoft.Bcl.AsyncInterfaces.dll', returning.
TpTrace Information: 0 : 23076, 1, 2022/07/22, 19:04:10.330, 2967851790061, vstest.console.dll, AssemblyResolver.OnResolve: Microsoft.Bcl.AsyncInterfaces: Assembly path does not exist: 'C:\Program Files\dotnet\sdk\6.0.107\Microsoft.Bcl.AsyncInterfaces.exe', returning.
TpTrace Information: 0 : 23076, 1, 2022/07/22, 19:04:10.330, 2967851790980, vstest.console.dll, AssemblyResolver.OnResolve: Microsoft.Bcl.AsyncInterfaces: Failed to load assembly.
TpTrace Verbose: 0 : 23076, 1, 2022/07/22, 19:04:10.330, 2967851791654, vstest.console.dll, CurrentDomainAssemblyResolve: Resolving assembly 'Microsoft.Bcl.AsyncInterfaces'.
TpTrace Information: 0 : 23076, 1, 2022/07/22, 19:04:10.330, 2967851792401, vstest.console.dll, AssemblyResolver.OnResolve: Microsoft.Bcl.AsyncInterfaces: Resolving assembly.
TpTrace Information: 0 : 23076, 1, 2022/07/22, 19:04:10.330, 2967851792921, vstest.console.dll, AssemblyResolver.OnResolve: Microsoft.Bcl.AsyncInterfaces: Resolved from cache.
TpTrace Verbose: 0 : 23076, 1, 2022/07/22, 19:04:10.330, 2967851793305, vstest.console.dll, CurrentDomainAssemblyResolve: Resolving assembly 'Microsoft.Bcl.AsyncInterfaces'.
TpTrace Verbose: 0 : 23076, 1, 2022/07/22, 19:04:10.330, 2967851793868, vstest.console.dll, CurrentDomainAssemblyResolve: Failed to resolve assembly 'Microsoft.Bcl.AsyncInterfaces'.
TpTrace Verbose: 0 : 23076, 1, 2022/07/22, 19:04:10.331, 2967851801536, vstest.console.dll, CurrentDomainAssemblyResolve: Failed to resolve assembly 'Microsoft.Bcl.AsyncInterfaces'.
TpTrace Warning: 0 : 23076, 1, 2022/07/22, 19:04:10.610, 2967854591023, vstest.console.dll, TestPluginDiscoverer: Failed to get types from assembly 'Microsoft.Diagnostics.NETCore.Client, Version=0.2.4.21401, Culture=neutral, PublicKeyToken=31bf3856ad364e35'.  Skipping test extension scan for this assembly.  Error: System.Reflection.ReflectionTypeLoadException: Unable to load one or more of the requested types.
Could not load file or assembly 'Microsoft.Bcl.AsyncInterfaces, Version=1.0.0.0, Culture=neutral, PublicKeyToken=cc7b13ffcd2ddd51'. The system cannot find the file specified.
   at System.Reflection.RuntimeModule.GetTypes(RuntimeModule module)
   at System.Reflection.Assembly.GetTypes()
   at Microsoft.VisualStudio.TestPlatform.Common.ExtensionFramework.TestPluginDiscoverer.GetTestExtensionsFromAssembly[TPluginInfo,TExtension](Assembly assembly, Dictionary`2 pluginInfos)
System.IO.FileNotFoundException: Could not load file or assembly 'Microsoft.Bcl.AsyncInterfaces, Version=1.0.0.0, Culture=neutral, PublicKeyToken=cc7b13ffcd2ddd51'. The system cannot find the file specified.
File name: 'Microsoft.Bcl.AsyncInterfaces, Version=1.0.0.0, Culture=neutral, PublicKeyToken=cc7b13ffcd2ddd51'
 ---> System.IO.FileNotFoundException: Could not load file or assembly 'Microsoft.Bcl.AsyncInterfaces, Culture=neutral, PublicKeyToken=null'. The system cannot find the file specified.
File name: 'Microsoft.Bcl.AsyncInterfaces, Culture=neutral, PublicKeyToken=null'
   at System.Reflection.RuntimeAssembly.InternalLoad(ObjectHandleOnStack assemblyName, ObjectHandleOnStack requestingAssembly, StackCrawlMarkHandle stackMark, Boolean throwOnFileNotFound, ObjectHandleOnStack assemblyLoadContext, ObjectHandleOnStack retAssembly)
   at System.Reflection.RuntimeAssembly.InternalLoad(AssemblyName assemblyName, RuntimeAssembly requestingAssembly, StackCrawlMark& stackMark, Boolean throwOnFileNotFound, AssemblyLoadContext assemblyLoadContext)
   at System.Reflection.Assembly.Load(AssemblyName assemblyRef)
   at Microsoft.VisualStudio.TestPlatform.Common.ExtensionFramework.TestPluginCache.CurrentDomainAssemblyResolve(Object sender, AssemblyResolveEventArgs args)
   at Microsoft.VisualStudio.TestPlatform.PlatformAbstractions.PlatformAssemblyResolver.AssemblyResolverEvent(Object sender, Object eventArgs)
   at System.Runtime.Loader.AssemblyLoadContext.GetFirstResolvedAssemblyFromResolvingEvent(AssemblyName assemblyName)
   at System.Runtime.Loader.AssemblyLoadContext.ResolveUsingEvent(AssemblyName assemblyName)
   at System.Runtime.Loader.AssemblyLoadContext.ResolveUsingResolvingEvent(IntPtr gchManagedAssemblyLoadContext, AssemblyName assemblyName)
TpTrace Warning: 0 : 23076, 1, 2022/07/22, 19:04:10.611, 2967854598978, vstest.console.dll, LoaderExceptions: System.IO.FileNotFoundException: Could not load file or assembly 'Microsoft.Bcl.AsyncInterfaces, Version=1.0.0.0, Culture=neutral, PublicKeyToken=cc7b13ffcd2ddd51'. The system cannot find the file specified.
File name: 'Microsoft.Bcl.AsyncInterfaces, Version=1.0.0.0, Culture=neutral, PublicKeyToken=cc7b13ffcd2ddd51'
 ---> System.IO.FileNotFoundException: Could not load file or assembly 'Microsoft.Bcl.AsyncInterfaces, Culture=neutral, PublicKeyToken=null'. The system cannot find the file specified.
File name: 'Microsoft.Bcl.AsyncInterfaces, Culture=neutral, PublicKeyToken=null'
   at System.Reflection.RuntimeAssembly.InternalLoad(ObjectHandleOnStack assemblyName, ObjectHandleOnStack requestingAssembly, StackCrawlMarkHandle stackMark, Boolean throwOnFileNotFound, ObjectHandleOnStack assemblyLoadContext, ObjectHandleOnStack retAssembly)
   at System.Reflection.RuntimeAssembly.InternalLoad(AssemblyName assemblyName, RuntimeAssembly requestingAssembly, StackCrawlMark& stackMark, Boolean throwOnFileNotFound, AssemblyLoadContext assemblyLoadContext)
   at System.Reflection.Assembly.Load(AssemblyName assemblyRef)
   at Microsoft.VisualStudio.TestPlatform.Common.ExtensionFramework.TestPluginCache.CurrentDomainAssemblyResolve(Object sender, AssemblyResolveEventArgs args)
   at Microsoft.VisualStudio.TestPlatform.PlatformAbstractions.PlatformAssemblyResolver.AssemblyResolverEvent(Object sender, Object eventArgs)
   at System.Runtime.Loader.AssemblyLoadContext.GetFirstResolvedAssemblyFromResolvingEvent(AssemblyName assemblyName)
   at System.Runtime.Loader.AssemblyLoadContext.ResolveUsingEvent(AssemblyName assemblyName)
   at System.Runtime.Loader.AssemblyLoadContext.ResolveUsingResolvingEvent(IntPtr gchManagedAssemblyLoadContext, AssemblyName assemblyName)
TpTrace Information: 0 : 23076, 1, 2022/07/22, 19:04:10.611, 2967854601719, vstest.console.dll, AssemblyResolver.OnResolve: Microsoft.TestPlatform.Extensions.BlameDataCollector: Resolving assembly.
TpTrace Information: 0 : 23076, 1, 2022/07/22, 19:04:10.611, 2967854602647, vstest.console.dll, AssemblyResolver.OnResolve: Microsoft.TestPlatform.Extensions.BlameDataCollector: Searching in: 'C:\Program Files\dotnet\sdk\6.0.107\Extensions'.
TpTrace Information: 0 : 23076, 1, 2022/07/22, 19:04:10.631, 2967854804485, vstest.console.dll, AssemblyResolver.OnResolve: Microsoft.TestPlatform.Extensions.BlameDataCollector: Loading assembly 'C:\Program Files\dotnet\sdk\6.0.107\Extensions\Microsoft.TestPlatform.Extensions.BlameDataCollector.dll'.
TpTrace Information: 0 : 23076, 1, 2022/07/22, 19:04:10.633, 2967854823783, vstest.console.dll, AssemblyResolver.OnResolve: Resolved assembly: Microsoft.TestPlatform.Extensions.BlameDataCollector, from path: C:\Program Files\dotnet\sdk\6.0.107\Extensions\Microsoft.TestPlatform.Extensions.BlameDataCollector.dll
TpTrace Information: 0 : 23076, 1, 2022/07/22, 19:04:10.634, 2967854831055, vstest.console.dll, AssemblyResolver.OnResolve: Microsoft.TestPlatform.Extensions.EventLogCollector: Resolving assembly.
TpTrace Information: 0 : 23076, 1, 2022/07/22, 19:04:10.634, 2967854831870, vstest.console.dll, AssemblyResolver.OnResolve: Microsoft.TestPlatform.Extensions.EventLogCollector: Searching in: 'C:\Program Files\dotnet\sdk\6.0.107\Extensions'.
TpTrace Information: 0 : 23076, 1, 2022/07/22, 19:04:10.649, 2967854987345, vstest.console.dll, AssemblyResolver.OnResolve: Microsoft.TestPlatform.Extensions.EventLogCollector: Loading assembly 'C:\Program Files\dotnet\sdk\6.0.107\Extensions\Microsoft.TestPlatform.Extensions.EventLogCollector.dll'.
TpTrace Information: 0 : 23076, 1, 2022/07/22, 19:04:10.651, 2967855005557, vstest.console.dll, AssemblyResolver.OnResolve: Resolved assembly: Microsoft.TestPlatform.Extensions.EventLogCollector, from path: C:\Program Files\dotnet\sdk\6.0.107\Extensions\Microsoft.TestPlatform.Extensions.EventLogCollector.dll
TpTrace Information: 0 : 23076, 1, 2022/07/22, 19:04:10.654, 2967855035204, vstest.console.dll, AssemblyResolver.OnResolve: Microsoft.TestPlatform.TestHostRuntimeProvider: Resolving assembly.
TpTrace Information: 0 : 23076, 1, 2022/07/22, 19:04:10.654, 2967855036929, vstest.console.dll, AssemblyResolver.OnResolve: Microsoft.TestPlatform.TestHostRuntimeProvider: Searching in: 'C:\Program Files\dotnet\sdk\6.0.107\Extensions'.
TpTrace Information: 0 : 23076, 1, 2022/07/22, 19:04:10.676, 2967855257354, vstest.console.dll, AssemblyResolver.OnResolve: Microsoft.TestPlatform.TestHostRuntimeProvider: Loading assembly 'C:\Program Files\dotnet\sdk\6.0.107\Extensions\Microsoft.TestPlatform.TestHostRuntimeProvider.dll'.
TpTrace Information: 0 : 23076, 1, 2022/07/22, 19:04:10.678, 2967855276745, vstest.console.dll, AssemblyResolver.OnResolve: Resolved assembly: Microsoft.TestPlatform.TestHostRuntimeProvider, from path: C:\Program Files\dotnet\sdk\6.0.107\Extensions\Microsoft.TestPlatform.TestHostRuntimeProvider.dll
TpTrace Information: 0 : 23076, 1, 2022/07/22, 19:04:10.680, 2967855289714, vstest.console.dll, AssemblyResolver.OnResolve: Microsoft.VisualStudio.TestPlatform.Extensions.Html.TestLogger: Resolving assembly.
TpTrace Information: 0 : 23076, 1, 2022/07/22, 19:04:10.680, 2967855290606, vstest.console.dll, AssemblyResolver.OnResolve: Microsoft.VisualStudio.TestPlatform.Extensions.Html.TestLogger: Searching in: 'C:\Program Files\dotnet\sdk\6.0.107\Extensions'.
TpTrace Information: 0 : 23076, 1, 2022/07/22, 19:04:10.699, 2967855483323, vstest.console.dll, AssemblyResolver.OnResolve: Microsoft.VisualStudio.TestPlatform.Extensions.Html.TestLogger: Loading assembly 'C:\Program Files\dotnet\sdk\6.0.107\Extensions\Microsoft.VisualStudio.TestPlatform.Extensions.Html.TestLogger.dll'.
TpTrace Information: 0 : 23076, 1, 2022/07/22, 19:04:10.701, 2967855503266, vstest.console.dll, AssemblyResolver.OnResolve: Resolved assembly: Microsoft.VisualStudio.TestPlatform.Extensions.Html.TestLogger, from path: C:\Program Files\dotnet\sdk\6.0.107\Extensions\Microsoft.VisualStudio.TestPlatform.Extensions.Html.TestLogger.dll
TpTrace Information: 0 : 23076, 1, 2022/07/22, 19:04:10.702, 2967855508300, vstest.console.dll, AssemblyResolver.OnResolve: Microsoft.VisualStudio.TestPlatform.Extensions.Trx.TestLogger: Resolving assembly.
TpTrace Information: 0 : 23076, 1, 2022/07/22, 19:04:10.702, 2967855510410, vstest.console.dll, AssemblyResolver.OnResolve: Microsoft.VisualStudio.TestPlatform.Extensions.Trx.TestLogger: Searching in: 'C:\Program Files\dotnet\sdk\6.0.107\Extensions'.
TpTrace Information: 0 : 23076, 1, 2022/07/22, 19:04:10.766, 2967856154245, vstest.console.dll, AssemblyResolver.OnResolve: Microsoft.VisualStudio.TestPlatform.Extensions.Trx.TestLogger: Loading assembly 'C:\Program Files\dotnet\sdk\6.0.107\Extensions\Microsoft.VisualStudio.TestPlatform.Extensions.Trx.TestLogger.dll'.
TpTrace Information: 0 : 23076, 1, 2022/07/22, 19:04:10.791, 2967856399778, vstest.console.dll, AssemblyResolver.OnResolve: Resolved assembly: Microsoft.VisualStudio.TestPlatform.Extensions.Trx.TestLogger, from path: C:\Program Files\dotnet\sdk\6.0.107\Extensions\Microsoft.VisualStudio.TestPlatform.Extensions.Trx.TestLogger.dll
TpTrace Verbose: 0 : 23076, 1, 2022/07/22, 19:04:10.792, 2967856409006, vstest.console.dll, TestPluginCache: Discovered the extensions using extension path ''.
TpTrace Verbose: 0 : 23076, 1, 2022/07/22, 19:04:10.792, 2967856410114, vstest.console.dll, TestPluginCache: Discoverers are ''.
TpTrace Verbose: 0 : 23076, 1, 2022/07/22, 19:04:10.792, 2967856410497, vstest.console.dll, TestPluginCache: Executors are ''.
TpTrace Verbose: 0 : 23076, 1, 2022/07/22, 19:04:10.792, 2967856410835, vstest.console.dll, TestPluginCache: Executors2 are ''.
TpTrace Verbose: 0 : 23076, 1, 2022/07/22, 19:04:10.792, 2967856411256, vstest.console.dll, TestPluginCache: Setting providers are ''.
TpTrace Verbose: 0 : 23076, 1, 2022/07/22, 19:04:10.792, 2967856411561, vstest.console.dll, TestPluginCache: Loggers are ''.
TpTrace Information: 0 : 23076, 1, 2022/07/22, 19:04:10.814, 2967856636286, vstest.console.dll, RunTestsArgumentProcessor:Execute: Test run is starting.
TpTrace Verbose: 0 : 23076, 1, 2022/07/22, 19:04:10.814, 2967856637424, vstest.console.dll, RunTestsArgumentProcessor:Execute: Queuing Test run.
TpTrace Information: 0 : 23076, 1, 2022/07/22, 19:04:10.815, 2967856640048, vstest.console.dll, TestRequestManager.RunTests: run tests started.
TpTrace Information: 0 : 23076, 1, 2022/07/22, 19:04:10.823, 2967856721566, vstest.console.dll, AssemblyMetadataProvider.GetFrameWork: Determined framework:'.NETCoreApp,Version=v5.0' for source: 'H:\Learnings\ASP.NET Core\CodeCoverageEg\CodeCoverageTest\bin\Debug\net5.0\fine-code-coverage\build-output\CodeCoverageTest.dll'
TpTrace Information: 0 : 23076, 1, 2022/07/22, 19:04:10.823, 2967856723702, vstest.console.dll, Determined framework for all sources: .NETCoreApp,Version=v5.0
TpTrace Information: 0 : 23076, 1, 2022/07/22, 19:04:10.824, 2967856729392, vstest.console.dll, AssemblyMetadataProvider.GetArchitecture: Determined architecture:AnyCPU info for assembly: H:\Learnings\ASP.NET Core\CodeCoverageEg\CodeCoverageTest\bin\Debug\net5.0\fine-code-coverage\build-output\CodeCoverageTest.dll
TpTrace Information: 0 : 23076, 1, 2022/07/22, 19:04:10.827, 2967856758956, vstest.console.dll, Determined platform for all sources: X64
TpTrace Information: 0 : 23076, 1, 2022/07/22, 19:04:10.829, 2967856786070, vstest.console.dll, Compatible sources list : 
TpTrace Information: 0 : 23076, 1, 2022/07/22, 19:04:10.830, 2967856788317, vstest.console.dll, H:\Learnings\ASP.NET Core\CodeCoverageEg\CodeCoverageTest\bin\Debug\net5.0\fine-code-coverage\build-output\CodeCoverageTest.dll
TpTrace Information: 0 : 23076, 1, 2022/07/22, 19:04:10.832, 2967856812393, vstest.console.dll, InferRunSettingsHelper.IsTestSettingsEnabled: Unable to navigate to RunSettings/MSTest. Current node: RunSettings
TpTrace Information: 0 : 23076, 1, 2022/07/22, 19:04:10.833, 2967856821732, vstest.console.dll, AssemblyResolver.OnResolve: Microsoft.VisualStudio.TestPlatform.Fakes: Resolving assembly.
TpTrace Information: 0 : 23076, 1, 2022/07/22, 19:04:10.833, 2967856822748, vstest.console.dll, AssemblyResolver.OnResolve: Microsoft.VisualStudio.TestPlatform.Fakes: Searching in: 'C:\Program Files\dotnet\sdk\6.0.107\Extensions'.
TpTrace Information: 0 : 23076, 1, 2022/07/22, 19:04:10.833, 2967856823955, vstest.console.dll, AssemblyResolver.OnResolve: Microsoft.VisualStudio.TestPlatform.Fakes: Assembly path does not exist: 'C:\Program Files\dotnet\sdk\6.0.107\Extensions\Microsoft.VisualStudio.TestPlatform.Fakes.dll', returning.
TpTrace Information: 0 : 23076, 1, 2022/07/22, 19:04:10.833, 2967856824727, vstest.console.dll, AssemblyResolver.OnResolve: Microsoft.VisualStudio.TestPlatform.Fakes: Assembly path does not exist: 'C:\Program Files\dotnet\sdk\6.0.107\Extensions\Microsoft.VisualStudio.TestPlatform.Fakes.exe', returning.
TpTrace Information: 0 : 23076, 1, 2022/07/22, 19:04:10.833, 2967856825107, vstest.console.dll, AssemblyResolver.OnResolve: Microsoft.VisualStudio.TestPlatform.Fakes: Searching in: 'C:\Program Files\dotnet\sdk\6.0.107'.
TpTrace Information: 0 : 23076, 1, 2022/07/22, 19:04:10.833, 2967856825898, vstest.console.dll, AssemblyResolver.OnResolve: Microsoft.VisualStudio.TestPlatform.Fakes: Assembly path does not exist: 'C:\Program Files\dotnet\sdk\6.0.107\Microsoft.VisualStudio.TestPlatform.Fakes.dll', returning.
TpTrace Information: 0 : 23076, 1, 2022/07/22, 19:04:10.833, 2967856826610, vstest.console.dll, AssemblyResolver.OnResolve: Microsoft.VisualStudio.TestPlatform.Fakes: Assembly path does not exist: 'C:\Program Files\dotnet\sdk\6.0.107\Microsoft.VisualStudio.TestPlatform.Fakes.exe', returning.
TpTrace Information: 0 : 23076, 1, 2022/07/22, 19:04:10.833, 2967856826988, vstest.console.dll, AssemblyResolver.OnResolve: Microsoft.VisualStudio.TestPlatform.Fakes: Failed to load assembly.
TpTrace Information: 0 : 23076, 1, 2022/07/22, 19:04:10.834, 2967856829685, vstest.console.dll, Failed to load assembly Microsoft.VisualStudio.TestPlatform.Fakes, Version=17.0.0.0, Culture=neutral. Reason:System.IO.FileNotFoundException: Could not load file or assembly 'Microsoft.VisualStudio.TestPlatform.Fakes, Version=17.0.0.0, Culture=neutral, PublicKeyToken=null'. The system cannot find the file specified.
File name: 'Microsoft.VisualStudio.TestPlatform.Fakes, Version=17.0.0.0, Culture=neutral, PublicKeyToken=null'
   at System.Reflection.RuntimeAssembly.InternalLoad(ObjectHandleOnStack assemblyName, ObjectHandleOnStack requestingAssembly, StackCrawlMarkHandle stackMark, Boolean throwOnFileNotFound, ObjectHandleOnStack assemblyLoadContext, ObjectHandleOnStack retAssembly)
   at System.Reflection.RuntimeAssembly.InternalLoad(AssemblyName assemblyName, RuntimeAssembly requestingAssembly, StackCrawlMark& stackMark, Boolean throwOnFileNotFound, AssemblyLoadContext assemblyLoadContext)
   at System.Reflection.Assembly.Load(AssemblyName assemblyRef)
   at Microsoft.VisualStudio.TestPlatform.Common.Utilities.FakesUtilities.LoadTestPlatformAssembly()
TpTrace Verbose: 0 : 23076, 1, 2022/07/22, 19:04:10.840, 2967856890452, vstest.console.dll, TestPluginCache.DiscoverTestExtensions: finding test extensions in assemblies ends with: TestLogger.dll TPluginInfo: Microsoft.VisualStudio.TestPlatform.Common.ExtensionFramework.Utilities.TestLoggerPluginInformation TExtension: Microsoft.VisualStudio.TestPlatform.ObjectModel.Client.ITestLogger
TpTrace Verbose: 0 : 23076, 1, 2022/07/22, 19:04:10.840, 2967856891717, vstest.console.dll, TestPluginCache.GetExtensionPaths: Filtered extension paths: 
TpTrace Verbose: 0 : 23076, 1, 2022/07/22, 19:04:10.840, 2967856892158, vstest.console.dll, TestPluginCache.GetExtensionPaths: Added default extension paths: C:\Program Files\dotnet\sdk\6.0.107\Extensions\Microsoft.Diagnostics.NETCore.Client.dll
C:\Program Files\dotnet\sdk\6.0.107\Extensions\Microsoft.TestPlatform.Extensions.BlameDataCollector.dll
C:\Program Files\dotnet\sdk\6.0.107\Extensions\Microsoft.TestPlatform.Extensions.EventLogCollector.dll
C:\Program Files\dotnet\sdk\6.0.107\Extensions\Microsoft.TestPlatform.TestHostRuntimeProvider.dll
C:\Program Files\dotnet\sdk\6.0.107\Extensions\Microsoft.VisualStudio.TestPlatform.Extensions.Html.TestLogger.dll
C:\Program Files\dotnet\sdk\6.0.107\Extensions\Microsoft.VisualStudio.TestPlatform.Extensions.Trx.TestLogger.dll
TpTrace Verbose: 0 : 23076, 1, 2022/07/22, 19:04:10.840, 2967856892611, vstest.console.dll, TestPluginCache.GetExtensionPaths: Added unfilterableExtensionPaths: 
TpTrace Information: 0 : 23076, 1, 2022/07/22, 19:04:10.840, 2967856894355, vstest.console.dll, AssemblyResolver.AddSearchDirectories: Adding more searchDirectories C:\Program Files\dotnet\sdk\6.0.107\Extensions,C:\Program Files\dotnet\sdk\6.0.107
TpTrace Verbose: 0 : 23076, 1, 2022/07/22, 19:04:10.840, 2967856894960, vstest.console.dll, TestPluginCache.DiscoverTestExtensions: Discovering the extensions using extension path.
TpTrace Verbose: 0 : 23076, 1, 2022/07/22, 19:04:10.840, 2967856895416, vstest.console.dll, TestPluginCache.GetExtensionPaths: Filtered extension paths: 
TpTrace Verbose: 0 : 23076, 1, 2022/07/22, 19:04:10.840, 2967856895779, vstest.console.dll, TestPluginCache.GetExtensionPaths: Added default extension paths: C:\Program Files\dotnet\sdk\6.0.107\Extensions\Microsoft.Diagnostics.NETCore.Client.dll
C:\Program Files\dotnet\sdk\6.0.107\Extensions\Microsoft.TestPlatform.Extensions.BlameDataCollector.dll
C:\Program Files\dotnet\sdk\6.0.107\Extensions\Microsoft.TestPlatform.Extensions.EventLogCollector.dll
C:\Program Files\dotnet\sdk\6.0.107\Extensions\Microsoft.TestPlatform.TestHostRuntimeProvider.dll
C:\Program Files\dotnet\sdk\6.0.107\Extensions\Microsoft.VisualStudio.TestPlatform.Extensions.Html.TestLogger.dll
C:\Program Files\dotnet\sdk\6.0.107\Extensions\Microsoft.VisualStudio.TestPlatform.Extensions.Trx.TestLogger.dll
TpTrace Verbose: 0 : 23076, 1, 2022/07/22, 19:04:10.840, 2967856896187, vstest.console.dll, TestPluginCache.GetExtensionPaths: Added unfilterableExtensionPaths: 
TpTrace Verbose: 0 : 23076, 1, 2022/07/22, 19:04:10.840, 2967856896552, vstest.console.dll, TestPluginCache.DiscoverTestExtensions: Discovering the extensions using allExtensionPaths: C:\Program Files\dotnet\sdk\6.0.107\Extensions\Microsoft.Diagnostics.NETCore.Client.dll
C:\Program Files\dotnet\sdk\6.0.107\Extensions\Microsoft.TestPlatform.Extensions.BlameDataCollector.dll
C:\Program Files\dotnet\sdk\6.0.107\Extensions\Microsoft.TestPlatform.Extensions.EventLogCollector.dll
C:\Program Files\dotnet\sdk\6.0.107\Extensions\Microsoft.TestPlatform.TestHostRuntimeProvider.dll
C:\Program Files\dotnet\sdk\6.0.107\Extensions\Microsoft.VisualStudio.TestPlatform.Extensions.Html.TestLogger.dll
C:\Program Files\dotnet\sdk\6.0.107\Extensions\Microsoft.VisualStudio.TestPlatform.Extensions.Trx.TestLogger.dll
TpTrace Information: 0 : 23076, 1, 2022/07/22, 19:04:10.840, 2967856897204, vstest.console.dll, AssemblyResolver.AddSearchDirectories: Adding more searchDirectories C:\Program Files\dotnet\sdk\6.0.107\Extensions,C:\Program Files\dotnet\sdk\6.0.107
TpTrace Information: 0 : 23076, 1, 2022/07/22, 19:04:10.840, 2967856897627, vstest.console.dll, AssemblyResolver.AddSearchDirectories: Adding more searchDirectories C:\Program Files\dotnet\sdk\6.0.107\Extensions,C:\Program Files\dotnet\sdk\6.0.107
TpTrace Information: 0 : 23076, 1, 2022/07/22, 19:04:10.841, 2967856897996, vstest.console.dll, AssemblyResolver.AddSearchDirectories: Adding more searchDirectories C:\Program Files\dotnet\sdk\6.0.107\Extensions,C:\Program Files\dotnet\sdk\6.0.107
TpTrace Information: 0 : 23076, 1, 2022/07/22, 19:04:10.841, 2967856898426, vstest.console.dll, AssemblyResolver.AddSearchDirectories: Adding more searchDirectories C:\Program Files\dotnet\sdk\6.0.107\Extensions,C:\Program Files\dotnet\sdk\6.0.107
TpTrace Information: 0 : 23076, 1, 2022/07/22, 19:04:10.841, 2967856898786, vstest.console.dll, AssemblyResolver.AddSearchDirectories: Adding more searchDirectories C:\Program Files\dotnet\sdk\6.0.107\Extensions,C:\Program Files\dotnet\sdk\6.0.107
TpTrace Information: 0 : 23076, 1, 2022/07/22, 19:04:10.841, 2967856899137, vstest.console.dll, AssemblyResolver.AddSearchDirectories: Adding more searchDirectories C:\Program Files\dotnet\sdk\6.0.107\Extensions,C:\Program Files\dotnet\sdk\6.0.107
TpTrace Information: 0 : 23076, 1, 2022/07/22, 19:04:10.841, 2967856901780, vstest.console.dll, AssemblyResolver.OnResolve: Microsoft.Bcl.AsyncInterfaces: Resolving assembly.
TpTrace Information: 0 : 23076, 1, 2022/07/22, 19:04:10.841, 2967856902307, vstest.console.dll, AssemblyResolver.OnResolve: Microsoft.Bcl.AsyncInterfaces: Resolved from cache.
TpTrace Verbose: 0 : 23076, 1, 2022/07/22, 19:04:10.841, 2967856902755, vstest.console.dll, CurrentDomainAssemblyResolve: Resolving assembly 'Microsoft.Bcl.AsyncInterfaces'.
TpTrace Information: 0 : 23076, 1, 2022/07/22, 19:04:10.841, 2967856903276, vstest.console.dll, AssemblyResolver.OnResolve: Microsoft.Bcl.AsyncInterfaces: Resolving assembly.
TpTrace Information: 0 : 23076, 1, 2022/07/22, 19:04:10.841, 2967856903699, vstest.console.dll, AssemblyResolver.OnResolve: Microsoft.Bcl.AsyncInterfaces: Resolved from cache.
TpTrace Verbose: 0 : 23076, 1, 2022/07/22, 19:04:10.841, 2967856904068, vstest.console.dll, CurrentDomainAssemblyResolve: Resolving assembly 'Microsoft.Bcl.AsyncInterfaces'.
TpTrace Verbose: 0 : 23076, 1, 2022/07/22, 19:04:10.841, 2967856904407, vstest.console.dll, CurrentDomainAssemblyResolve: Failed to resolve assembly 'Microsoft.Bcl.AsyncInterfaces'.
TpTrace Verbose: 0 : 23076, 1, 2022/07/22, 19:04:10.841, 2967856905934, vstest.console.dll, CurrentDomainAssemblyResolve: Failed to resolve assembly 'Microsoft.Bcl.AsyncInterfaces'.
TpTrace Warning: 0 : 23076, 1, 2022/07/22, 19:04:10.843, 2967856922900, vstest.console.dll, TestPluginDiscoverer: Failed to get types from assembly 'Microsoft.Diagnostics.NETCore.Client, Version=0.2.4.21401, Culture=neutral, PublicKeyToken=31bf3856ad364e35'.  Skipping test extension scan for this assembly.  Error: System.Reflection.ReflectionTypeLoadException: Unable to load one or more of the requested types.
Could not load file or assembly 'Microsoft.Bcl.AsyncInterfaces, Version=1.0.0.0, Culture=neutral, PublicKeyToken=cc7b13ffcd2ddd51'. The system cannot find the file specified.
   at System.Reflection.RuntimeModule.GetTypes(RuntimeModule module)
   at System.Reflection.Assembly.GetTypes()
   at Microsoft.VisualStudio.TestPlatform.Common.ExtensionFramework.TestPluginDiscoverer.GetTestExtensionsFromAssembly[TPluginInfo,TExtension](Assembly assembly, Dictionary`2 pluginInfos)
System.IO.FileNotFoundException: Could not load file or assembly 'Microsoft.Bcl.AsyncInterfaces, Version=1.0.0.0, Culture=neutral, PublicKeyToken=cc7b13ffcd2ddd51'. The system cannot find the file specified.
File name: 'Microsoft.Bcl.AsyncInterfaces, Version=1.0.0.0, Culture=neutral, PublicKeyToken=cc7b13ffcd2ddd51'
 ---> System.IO.FileNotFoundException: Could not load file or assembly 'Microsoft.Bcl.AsyncInterfaces, Culture=neutral, PublicKeyToken=null'. The system cannot find the file specified.
File name: 'Microsoft.Bcl.AsyncInterfaces, Culture=neutral, PublicKeyToken=null'
   at System.Reflection.RuntimeAssembly.InternalLoad(ObjectHandleOnStack assemblyName, ObjectHandleOnStack requestingAssembly, StackCrawlMarkHandle stackMark, Boolean throwOnFileNotFound, ObjectHandleOnStack assemblyLoadContext, ObjectHandleOnStack retAssembly)
   at System.Reflection.RuntimeAssembly.InternalLoad(AssemblyName assemblyName, RuntimeAssembly requestingAssembly, StackCrawlMark& stackMark, Boolean throwOnFileNotFound, AssemblyLoadContext assemblyLoadContext)
   at System.Reflection.Assembly.Load(AssemblyName assemblyRef)
   at Microsoft.VisualStudio.TestPlatform.Common.ExtensionFramework.TestPluginCache.CurrentDomainAssemblyResolve(Object sender, AssemblyResolveEventArgs args)
   at Microsoft.VisualStudio.TestPlatform.PlatformAbstractions.PlatformAssemblyResolver.AssemblyResolverEvent(Object sender, Object eventArgs)
   at System.Runtime.Loader.AssemblyLoadContext.GetFirstResolvedAssemblyFromResolvingEvent(AssemblyName assemblyName)
   at System.Runtime.Loader.AssemblyLoadContext.ResolveUsingEvent(AssemblyName assemblyName)
   at System.Runtime.Loader.AssemblyLoadContext.ResolveUsingResolvingEvent(IntPtr gchManagedAssemblyLoadContext, AssemblyName assemblyName)
TpTrace Warning: 0 : 23076, 1, 2022/07/22, 19:04:10.843, 2967856926960, vstest.console.dll, LoaderExceptions: System.IO.FileNotFoundException: Could not load file or assembly 'Microsoft.Bcl.AsyncInterfaces, Version=1.0.0.0, Culture=neutral, PublicKeyToken=cc7b13ffcd2ddd51'. The system cannot find the file specified.
File name: 'Microsoft.Bcl.AsyncInterfaces, Version=1.0.0.0, Culture=neutral, PublicKeyToken=cc7b13ffcd2ddd51'
 ---> System.IO.FileNotFoundException: Could not load file or assembly 'Microsoft.Bcl.AsyncInterfaces, Culture=neutral, PublicKeyToken=null'. The system cannot find the file specified.
File name: 'Microsoft.Bcl.AsyncInterfaces, Culture=neutral, PublicKeyToken=null'
   at System.Reflection.RuntimeAssembly.InternalLoad(ObjectHandleOnStack assemblyName, ObjectHandleOnStack requestingAssembly, StackCrawlMarkHandle stackMark, Boolean throwOnFileNotFound, ObjectHandleOnStack assemblyLoadContext, ObjectHandleOnStack retAssembly)
   at System.Reflection.RuntimeAssembly.InternalLoad(AssemblyName assemblyName, RuntimeAssembly requestingAssembly, StackCrawlMark& stackMark, Boolean throwOnFileNotFound, AssemblyLoadContext assemblyLoadContext)
   at System.Reflection.Assembly.Load(AssemblyName assemblyRef)
   at Microsoft.VisualStudio.TestPlatform.Common.ExtensionFramework.TestPluginCache.CurrentDomainAssemblyResolve(Object sender, AssemblyResolveEventArgs args)
   at Microsoft.VisualStudio.TestPlatform.PlatformAbstractions.PlatformAssemblyResolver.AssemblyResolverEvent(Object sender, Object eventArgs)
   at System.Runtime.Loader.AssemblyLoadContext.GetFirstResolvedAssemblyFromResolvingEvent(AssemblyName assemblyName)
   at System.Runtime.Loader.AssemblyLoadContext.ResolveUsingEvent(AssemblyName assemblyName)
   at System.Runtime.Loader.AssemblyLoadContext.ResolveUsingResolvingEvent(IntPtr gchManagedAssemblyLoadContext, AssemblyName assemblyName)
TpTrace Verbose: 0 : 23076, 1, 2022/07/22, 19:04:10.844, 2967856933010, vstest.console.dll, TestPluginCache: Discovered the extensions using extension path ''.
TpTrace Verbose: 0 : 23076, 1, 2022/07/22, 19:04:10.844, 2967856933688, vstest.console.dll, TestPluginCache: Discoverers are ''.
TpTrace Verbose: 0 : 23076, 1, 2022/07/22, 19:04:10.844, 2967856934042, vstest.console.dll, TestPluginCache: Executors are ''.
TpTrace Verbose: 0 : 23076, 1, 2022/07/22, 19:04:10.844, 2967856934356, vstest.console.dll, TestPluginCache: Executors2 are ''.
TpTrace Verbose: 0 : 23076, 1, 2022/07/22, 19:04:10.844, 2967856934662, vstest.console.dll, TestPluginCache: Setting providers are ''.
TpTrace Verbose: 0 : 23076, 1, 2022/07/22, 19:04:10.844, 2967856935433, vstest.console.dll, TestPluginCache: Loggers are 'logger://Microsoft/TestPlatform/Extensions/Blame/v1,logger://Microsoft/TestPlatform/HtmlLogger/v1,logger://Microsoft/TestPlatform/TrxLogger/v1'.
TpTrace Information: 0 : 23076, 1, 2022/07/22, 19:04:10.845, 2967856944182, vstest.console.dll, TestPluginManager.CreateTestExtension: Attempting to load test extension: Microsoft.TestPlatform.Extensions.BlameDataCollector.BlameLogger
TpTrace Information: 0 : 23076, 1, 2022/07/22, 19:04:10.852, 2967857008433, vstest.console.dll, TestPluginManager.CreateTestExtension: Attempting to load test extension: Microsoft.VisualStudio.TestPlatform.CrossPlatEngine.Hosting.DefaultTestHostManager
TpTrace Information: 0 : 23076, 1, 2022/07/22, 19:04:10.852, 2967857011709, vstest.console.dll, TestPluginManager.CreateTestExtension: Attempting to load test extension: Microsoft.VisualStudio.TestPlatform.CrossPlatEngine.Hosting.DotnetTestHostManager
TpTrace Verbose: 0 : 23076, 1, 2022/07/22, 19:04:10.852, 2967857017370, vstest.console.dll, TestEngine: Initializing Parallel Execution as MaxCpuCount is set to: 1
TpTrace Information: 0 : 23076, 1, 2022/07/22, 19:04:10.853, 2967857022648, vstest.console.dll, InferRunSettingsHelper.IsTestSettingsEnabled: Unable to navigate to RunSettings/MSTest. Current node: RunSettings
TpTrace Verbose: 0 : 23076, 1, 2022/07/22, 19:04:11.035, 2967858838859, vstest.console.dll, TestRequestSender is acting as server
TpTrace Verbose: 0 : 23076, 5, 2022/07/22, 19:04:11.040, 2967858897178, vstest.console.dll, DataCollectionRequestSender.InitializeCommunication : Initialize communication. 
TpTrace Information: 0 : 23076, 5, 2022/07/22, 19:04:11.060, 2967859096993, vstest.console.dll, Listening on Endpoint : 127.0.0.1:1699
TpTrace Verbose: 0 : 23076, 5, 2022/07/22, 19:04:11.072, 2967859209980, vstest.console.dll, DotnetDataCollectionLauncher: Full path of dotnet.exe is C:\Program Files\dotnet\dotnet.exe
TpTrace Verbose: 0 : 23076, 5, 2022/07/22, 19:04:11.085, 2967859342767, vstest.console.dll, DotnetDataCollectionLauncher: Adding  --runtimeconfig "C:\Program Files\dotnet\sdk\6.0.107\datacollector.runtimeconfig.json" in args
TpTrace Verbose: 0 : 23076, 5, 2022/07/22, 19:04:11.086, 2967859348209, vstest.console.dll, DotnetDataCollectionLauncher: Adding  --depsfile "C:\Program Files\dotnet\sdk\6.0.107\datacollector.deps.json" in args
TpTrace Information: 0 : 23076, 5, 2022/07/22, 19:04:11.098, 2967859471391, vstest.console.dll, ProxyDataCollectionManager.Initialize: Launched datacollector processId: 23068 port: 1699
TpTrace Information: 0 : 23076, 5, 2022/07/22, 19:04:11.098, 2967859473732, vstest.console.dll, ProxyDataCollectionManager.Initialize: waiting for connection with timeout: 90 seconds
TpTrace Verbose: 0 : 23076, 5, 2022/07/22, 19:04:11.098, 2967859474950, vstest.console.dll, DataCollectionRequestSender.WaitForRequestHandlerConnection : Waiting for connection with timeout: 90000
TpTrace Information: 0 : 23076, 8, 2022/07/22, 19:04:11.800, 2967866490113, vstest.console.dll, Using the buffer size of 16384 bytes
TpTrace Verbose: 0 : 23076, 5, 2022/07/22, 19:04:11.800, 2967866490937, vstest.console.dll, ProxyDataCollectionManager.InvokeDataCollectionServiceAction: Starting.
TpTrace Information: 0 : 23076, 8, 2022/07/22, 19:04:11.800, 2967866491586, vstest.console.dll, Accepted Client request and set the flag
TpTrace Information: 0 : 23076, 5, 2022/07/22, 19:04:11.800, 2967866493175, vstest.console.dll, ProxyDataCollectionManager.BeforeTestRunStart: Get environment variable and port for datacollector processId: 23068 port: 1699
TpTrace Verbose: 0 : 23076, 5, 2022/07/22, 19:04:11.800, 2967866495436, vstest.console.dll, DataCollectionRequestSender.SendBeforeTestRunStartAndGetResult : Send BeforeTestRunStart message with settingsXml <RunSettings><RunConfiguration><ResultsDirectory>H:\Learnings\ASP.NET Core\CodeCoverageEg\CodeCoverageTest\bin\Debug\net5.0\fine-code-coverage\coverage-tool-output</ResultsDirectory><TargetPlatform>X64</TargetPlatform><TargetFrameworkVersion>.NETCoreApp,Version=v5.0</TargetFrameworkVersion><DesignMode>False</DesignMode><CollectSourceInformation>False</CollectSourceInformation><TestAdaptersPaths>C:\Program Files\dotnet\sdk\6.0.107\Extensions</TestAdaptersPaths></RunConfiguration><LoggerRunSettings><Loggers><Logger friendlyName="blame" enabled="True" /><Logger friendlyName="Console" uri="logger://microsoft/TestPlatform/ConsoleLogger/v1" assemblyQualifiedName="Microsoft.VisualStudio.TestPlatform.CommandLine.Internal.ConsoleLogger, vstest.console, Version=15.0.0.0, Culture=neutral, PublicKeyToken=b03f5f7f11d50a3a" codeBase="C:\Program Files\dotnet\sdk\6.0.107\vstest.console.dll" enabled="True" /></Loggers></LoggerRunSettings><DataCollectionRunSettings><DataCollectors><DataCollector friendlyName="blame" enabled="True"><Configuration><ResultsDirectory>H:\Learnings\ASP.NET Core\CodeCoverageEg\CodeCoverageTest\bin\Debug\net5.0\fine-code-coverage\coverage-tool-output</ResultsDirectory></Configuration></DataCollector></DataCollectors></DataCollectionRunSettings></RunSettings> and sources System.Linq.Enumerable+Concat2Iterator`1[System.String]: 
TpTrace Verbose: 0 : 23076, 5, 2022/07/22, 19:04:11.916, 2967867649786, vstest.console.dll, DataCollectionRequestSender.SendBeforeTestRunStartAndGetResult : Received message: (DataCollection.SendMessage) -> {
  "FriendlyName": null,
  "Uri": null,
  "TestCaseId": "00000000-0000-0000-0000-000000000000",
  "Message": "Logging DataCollector Diagnostics in file: H:\\Learnings\\ASP.NET Core\\CodeCoverageEg\\CodeCoverageTest\\bin\\Debug\\net5.0\\fine-code-coverage\\coverage-tool-output\\diagnostics.datacollector.22-07-22_19-04-11_06823_5.log",
  "Level": 0
}
TpTrace Verbose: 0 : 23076, 5, 2022/07/22, 19:04:12.730, 2967875788113, vstest.console.dll, DataCollectionRequestSender.SendBeforeTestRunStartAndGetResult : Received message: (DataCollection.BeforeTestRunStartResult) -> {
  "EnvironmentVariables": {},
  "DataCollectionEventsPort": 1701
}
TpTrace Information: 0 : 23076, 5, 2022/07/22, 19:04:12.743, 2967875924003, vstest.console.dll, ProxyDataCollectionManager.BeforeTestRunStart: SendBeforeTestRunStartAndGetResult successful, env variable from datacollector:   and testhost port: 1701
TpTrace Information: 0 : 23076, 5, 2022/07/22, 19:04:12.743, 2967875925934, vstest.console.dll, ProxyDataCollectionManager.InvokeDataCollectionServiceAction: Completed.
TpTrace Verbose: 0 : 23076, 1, 2022/07/22, 19:04:12.744, 2967875928946, vstest.console.dll, TestRunRequest.ExecuteAsync: Creating test run request.
TpTrace Verbose: 0 : 23076, 1, 2022/07/22, 19:04:12.744, 2967875933998, vstest.console.dll, TestRunRequest.ExecuteAsync: Starting.
TpTrace Information: 0 : 23076, 1, 2022/07/22, 19:04:12.745, 2967875938801, vstest.console.dll, TestRunRequest.ExecuteAsync: Starting run with settings:TestRunCriteria:
   KeepAlive=False,FrequencyOfRunStatsChangeEvent=10,RunStatsChangeEventTimeout=00:00:01.5000000,TestCaseFilter=,TestExecutorLauncher=
   Settingsxml=<RunSettings>
  <RunConfiguration>
    <ResultsDirectory>H:\Learnings\ASP.NET Core\CodeCoverageEg\CodeCoverageTest\bin\Debug\net5.0\fine-code-coverage\coverage-tool-output</ResultsDirectory>
    <TargetPlatform>X64</TargetPlatform>
    <TargetFrameworkVersion>.NETCoreApp,Version=v5.0</TargetFrameworkVersion>
    <DesignMode>False</DesignMode>
    <CollectSourceInformation>False</CollectSourceInformation>
  </RunConfiguration>
  <LoggerRunSettings>
    <Loggers>
      <Logger friendlyName="blame" enabled="True" />
      <Logger friendlyName="Console" uri="logger://microsoft/TestPlatform/ConsoleLogger/v1" assemblyQualifiedName="Microsoft.VisualStudio.TestPlatform.CommandLine.Internal.ConsoleLogger, vstest.console, Version=15.0.0.0, Culture=neutral, PublicKeyToken=b03f5f7f11d50a3a" codeBase="C:\Program Files\dotnet\sdk\6.0.107\vstest.console.dll" enabled="True" />
    </Loggers>
  </LoggerRunSettings>
  <DataCollectionRunSettings>
    <DataCollectors>
      <DataCollector friendlyName="blame" enabled="True">
        <Configuration>
          <ResultsDirectory>H:\Learnings\ASP.NET Core\CodeCoverageEg\CodeCoverageTest\bin\Debug\net5.0\fine-code-coverage\coverage-tool-output</ResultsDirectory>
        </Configuration>
      </DataCollector>
    </DataCollectors>
  </DataCollectionRunSettings>
</RunSettings>

TpTrace Verbose: 0 : 23076, 1, 2022/07/22, 19:04:12.745, 2967875939792, vstest.console.dll, TestRunRequest.ExecuteAsync: Wait for the first run request is over.
TpTrace Verbose: 0 : 23076, 1, 2022/07/22, 19:04:12.745, 2967875945743, vstest.console.dll, ParallelProxyExecutionManager: Start execution. Total sources: 1
TpTrace Information: 0 : 23076, 1, 2022/07/22, 19:04:12.747, 2967875963007, vstest.console.dll, ProxyParallelExecutionManager: Triggering test run for next source: H:\Learnings\ASP.NET Core\CodeCoverageEg\CodeCoverageTest\bin\Debug\net5.0\fine-code-coverage\build-output\CodeCoverageTest.dll
TpTrace Verbose: 0 : 23076, 5, 2022/07/22, 19:04:12.747, 2967875967161, vstest.console.dll, ParallelProxyExecutionManager: Execution started. Started clients: 1
TpTrace Verbose: 0 : 23076, 1, 2022/07/22, 19:04:12.748, 2967875968523, vstest.console.dll, ProxyParallelExecutionManager: No sources available for execution.
TpTrace Information: 0 : 23076, 1, 2022/07/22, 19:04:12.748, 2967875970014, vstest.console.dll, TestRunRequest.ExecuteAsync: Started.
TpTrace Verbose: 0 : 23076, 1, 2022/07/22, 19:04:12.748, 2967875972142, vstest.console.dll, TestRunRequest.WaitForCompletion: Waiting with timeout -1.
TpTrace Verbose: 0 : 23076, 5, 2022/07/22, 19:04:12.748, 2967875975910, vstest.console.dll, TestRunRequest:SendTestRunMessage: Starting.
TpTrace Information: 0 : 23076, 5, 2022/07/22, 19:04:12.749, 2967875978019, vstest.console.dll, TestRunRequest:SendTestRunMessage: Completed.
TpTrace Verbose: 0 : 23076, 5, 2022/07/22, 19:04:12.749, 2967875981245, vstest.console.dll, ProxyExecutionManager: Test host is always Lazy initialize.
TpTrace Verbose: 0 : 23076, 5, 2022/07/22, 19:04:12.749, 2967875984800, vstest.console.dll, TestRequestSender.InitializeCommunication: initialize communication. 
TpTrace Information: 0 : 23076, 5, 2022/07/22, 19:04:12.750, 2967875992039, vstest.console.dll, SocketServer.Start: Listening on endpoint : 127.0.0.1:1702
TpTrace Verbose: 0 : 23076, 5, 2022/07/22, 19:04:12.751, 2967876000789, vstest.console.dll, DotnetTestHostmanager: Adding  --runtimeconfig "H:\Learnings\ASP.NET Core\CodeCoverageEg\CodeCoverageTest\bin\Debug\net5.0\fine-code-coverage\build-output\CodeCoverageTest.runtimeconfig.json" in args
TpTrace Verbose: 0 : 23076, 5, 2022/07/22, 19:04:12.751, 2967876002107, vstest.console.dll, DotnetTestHostmanager: Adding  --depsfile "H:\Learnings\ASP.NET Core\CodeCoverageEg\CodeCoverageTest\bin\Debug\net5.0\fine-code-coverage\build-output\CodeCoverageTest.deps.json" in args
TpTrace Verbose: 0 : 23076, 5, 2022/07/22, 19:04:12.751, 2967876004222, vstest.console.dll, DotnetTestHostManager: Testhost.exe/testhost.x86.exe found at path: H:\Learnings\ASP.NET Core\CodeCoverageEg\CodeCoverageTest\bin\Debug\net5.0\fine-code-coverage\build-output\testhost.exe
TpTrace Verbose: 0 : 23076, 5, 2022/07/22, 19:04:12.751, 2967876004935, vstest.console.dll, DotnetTestHostmanager: Full path of host exe is H:\Learnings\ASP.NET Core\CodeCoverageEg\CodeCoverageTest\bin\Debug\net5.0\fine-code-coverage\build-output\testhost.exe
TpTrace Verbose: 0 : 23076, 7, 2022/07/22, 19:04:12.752, 2967876016194, vstest.console.dll, DotnetTestHostManager: Starting process 'H:\Learnings\ASP.NET Core\CodeCoverageEg\CodeCoverageTest\bin\Debug\net5.0\fine-code-coverage\build-output\testhost.exe' with command line ' --runtimeconfig "H:\Learnings\ASP.NET Core\CodeCoverageEg\CodeCoverageTest\bin\Debug\net5.0\fine-code-coverage\build-output\CodeCoverageTest.runtimeconfig.json" --depsfile "H:\Learnings\ASP.NET Core\CodeCoverageEg\CodeCoverageTest\bin\Debug\net5.0\fine-code-coverage\build-output\CodeCoverageTest.deps.json" --port 1702 --endpoint 127.0.0.1:01702 --role client --parentprocessid 23076 --diag "H:\Learnings\ASP.NET Core\CodeCoverageEg\CodeCoverageTest\bin\Debug\net5.0\fine-code-coverage\coverage-tool-output\diagnostics.host.22-07-22_19-04-12_75086_5.log" --tracelevel 4 --datacollectionport 1701 --telemetryoptedin false'
TpTrace Verbose: 0 : 23076, 7, 2022/07/22, 19:04:12.788, 2967876370075, vstest.console.dll, Test Runtime launched
TpTrace Verbose: 0 : 23076, 5, 2022/07/22, 19:04:12.789, 2967876381001, vstest.console.dll, TestRequestSender.WaitForRequestHandlerConnection: waiting for connection with timeout: 90000
TpTrace Verbose: 0 : 23076, 7, 2022/07/22, 19:04:13.234, 2967880837079, vstest.console.dll, SocketServer.OnClientConnected: Client connected for endPoint: 127.0.0.1:1702, starting MessageLoopAsync:
TpTrace Verbose: 0 : 23076, 7, 2022/07/22, 19:04:13.235, 2967880840327, vstest.console.dll, TcpClientExtensions.MessageLoopAsync: Polling on remoteEndPoint: 127.0.0.1:1706 localEndPoint: 127.0.0.1:1702
TpTrace Verbose: 0 : 23076, 7, 2022/07/22, 19:04:13.485, 2967883344579, vstest.console.dll, TcpClientExtensions.MessageLoopAsync: NotifyDataAvailable remoteEndPoint: 127.0.0.1:1706 localEndPoint: 127.0.0.1:1702
TpTrace Verbose: 0 : 23076, 7, 2022/07/22, 19:04:13.486, 2967883347933, vstest.console.dll, TestRequestSender.CheckVersionWithTestHost: onMessageReceived received message: (ProtocolVersion) -> 5
TpTrace Verbose: 0 : 23076, 7, 2022/07/22, 19:04:13.486, 2967883353404, vstest.console.dll, TcpClientExtensions.MessageLoopAsync: Polling on remoteEndPoint: 127.0.0.1:1706 localEndPoint: 127.0.0.1:1702
TpTrace Verbose: 0 : 23076, 5, 2022/07/22, 19:04:13.486, 2967883355356, vstest.console.dll, TestPluginCache.GetExtensionPaths: Filtered extension paths: 
TpTrace Verbose: 0 : 23076, 5, 2022/07/22, 19:04:13.486, 2967883356128, vstest.console.dll, TestPluginCache.GetExtensionPaths: Added default extension paths: C:\Program Files\dotnet\sdk\6.0.107\Extensions\Microsoft.Diagnostics.NETCore.Client.dll
C:\Program Files\dotnet\sdk\6.0.107\Extensions\Microsoft.TestPlatform.Extensions.BlameDataCollector.dll
C:\Program Files\dotnet\sdk\6.0.107\Extensions\Microsoft.TestPlatform.Extensions.EventLogCollector.dll
C:\Program Files\dotnet\sdk\6.0.107\Extensions\Microsoft.TestPlatform.TestHostRuntimeProvider.dll
C:\Program Files\dotnet\sdk\6.0.107\Extensions\Microsoft.VisualStudio.TestPlatform.Extensions.Html.TestLogger.dll
C:\Program Files\dotnet\sdk\6.0.107\Extensions\Microsoft.VisualStudio.TestPlatform.Extensions.Trx.TestLogger.dll
TpTrace Verbose: 0 : 23076, 5, 2022/07/22, 19:04:13.486, 2967883356511, vstest.console.dll, TestPluginCache.GetExtensionPaths: Added unfilterableExtensionPaths: 
TpTrace Verbose: 0 : 23076, 5, 2022/07/22, 19:04:13.492, 2967883409683, vstest.console.dll, TestRequestSender.InitializeExecution: Sending initializing execution with message: {"Version":5,"MessageType":"TestExecution.Initialize","Payload":["H:\\Learnings\\ASP.NET Core\\CodeCoverageEg\\CodeCoverageTest\\bin\\Debug\\net5.0\\fine-code-coverage\\build-output\\NUnit3.TestAdapter.dll"]}
TpTrace Verbose: 0 : 23076, 7, 2022/07/22, 19:04:13.502, 2967883514997, vstest.console.dll, TcpClientExtensions.MessageLoopAsync: NotifyDataAvailable remoteEndPoint: 127.0.0.1:1706 localEndPoint: 127.0.0.1:1702
TpTrace Verbose: 0 : 23076, 7, 2022/07/22, 19:04:13.502, 2967883517732, vstest.console.dll, TestRequestSender.OnExecutionMessageReceived: Received message: {"Version":5,"MessageType":"TestSession.Message","Payload":{"MessageLevel":0,"Message":"Logging TestHost Diagnostics in file: H:\\Learnings\\ASP.NET Core\\CodeCoverageEg\\CodeCoverageTest\\bin\\Debug\\net5.0\\fine-code-coverage\\coverage-tool-output\\diagnostics.host.22-07-22_19-04-12_75086_5.log"}}
TpTrace Verbose: 0 : 23076, 7, 2022/07/22, 19:04:13.507, 2967883567272, vstest.console.dll, TestRunRequest:SendTestRunMessage: Starting.
TpTrace Information: 0 : 23076, 7, 2022/07/22, 19:04:13.508, 2967883569214, vstest.console.dll, TestRunRequest:SendTestRunMessage: Completed.
TpTrace Verbose: 0 : 23076, 7, 2022/07/22, 19:04:13.508, 2967883570006, vstest.console.dll, TcpClientExtensions.MessageLoopAsync: Polling on remoteEndPoint: 127.0.0.1:1706 localEndPoint: 127.0.0.1:1702
TpTrace Verbose: 0 : 23076, 5, 2022/07/22, 19:04:13.530, 2967883797450, vstest.console.dll, TestRequestSender.StartTestRun: Sending test run with message: {"Version":5,"MessageType":"TestExecution.StartWithSources","Payload":{"AdapterSourceMap":{"_none_":["H:\\Learnings\\ASP.NET Core\\CodeCoverageEg\\CodeCoverageTest\\bin\\Debug\\net5.0\\fine-code-coverage\\build-output\\CodeCoverageTest.dll"]},"RunSettings":"<RunSettings>\r\n  <RunConfiguration>\r\n    <ResultsDirectory>H:\\Learnings\\ASP.NET Core\\CodeCoverageEg\\CodeCoverageTest\\bin\\Debug\\net5.0\\fine-code-coverage\\coverage-tool-output</ResultsDirectory>\r\n    <TargetPlatform>X64</TargetPlatform>\r\n    <TargetFrameworkVersion>.NETCoreApp,Version=v5.0</TargetFrameworkVersion>\r\n    <DesignMode>False</DesignMode>\r\n    <CollectSourceInformation>False</CollectSourceInformation>\r\n  </RunConfiguration>\r\n  <LoggerRunSettings>\r\n    <Loggers>\r\n      <Logger friendlyName=\"blame\" enabled=\"True\" />\r\n      <Logger friendlyName=\"Console\" uri=\"logger://microsoft/TestPlatform/ConsoleLogger/v1\" assemblyQualifiedName=\"Microsoft.VisualStudio.TestPlatform.CommandLine.Internal.ConsoleLogger, vstest.console, Version=15.0.0.0, Culture=neutral, PublicKeyToken=b03f5f7f11d50a3a\" codeBase=\"C:\\Program Files\\dotnet\\sdk\\6.0.107\\vstest.console.dll\" enabled=\"True\" />\r\n    </Loggers>\r\n  </LoggerRunSettings>\r\n  <DataCollectionRunSettings>\r\n    <DataCollectors>\r\n      <DataCollector friendlyName=\"blame\" enabled=\"True\">\r\n        <Configuration>\r\n          <ResultsDirectory>H:\\Learnings\\ASP.NET Core\\CodeCoverageEg\\CodeCoverageTest\\bin\\Debug\\net5.0\\fine-code-coverage\\coverage-tool-output</ResultsDirectory>\r\n        </Configuration>\r\n      </DataCollector>\r\n    </DataCollectors>\r\n  </DataCollectionRunSettings>\r\n</RunSettings>","TestExecutionContext":{"FrequencyOfRunStatsChangeEvent":10,"RunStatsChangeEventTimeout":"00:00:01.5000000","InIsolation":false,"KeepAlive":false,"AreTestCaseLevelEventsRequired":false,"IsDebug":false,"TestCaseFilter":null,"FilterOptions":null},"Package":null}}
TpTrace Verbose: 0 : 23076, 7, 2022/07/22, 19:04:13.796, 2967886455020, vstest.console.dll, TcpClientExtensions.MessageLoopAsync: NotifyDataAvailable remoteEndPoint: 127.0.0.1:1706 localEndPoint: 127.0.0.1:1702
TpTrace Verbose: 0 : 23076, 7, 2022/07/22, 19:04:13.796, 2967886456612, vstest.console.dll, TestRequestSender.OnExecutionMessageReceived: Received message: {"Version":5,"MessageType":"TestSession.Message","Payload":{"MessageLevel":0,"Message":"NUnit Adapter 3.17.0.0: Test execution started"}}
TpTrace Verbose: 0 : 23076, 7, 2022/07/22, 19:04:13.797, 2967886458824, vstest.console.dll, TestRunRequest:SendTestRunMessage: Starting.
TpTrace Information: 0 : 23076, 7, 2022/07/22, 19:04:13.797, 2967886459557, vstest.console.dll, TestRunRequest:SendTestRunMessage: Completed.
TpTrace Verbose: 0 : 23076, 7, 2022/07/22, 19:04:13.797, 2967886460295, vstest.console.dll, TcpClientExtensions.MessageLoopAsync: Polling on remoteEndPoint: 127.0.0.1:1706 localEndPoint: 127.0.0.1:1702
TpTrace Verbose: 0 : 23076, 7, 2022/07/22, 19:04:13.833, 2967886824240, vstest.console.dll, TcpClientExtensions.MessageLoopAsync: NotifyDataAvailable remoteEndPoint: 127.0.0.1:1706 localEndPoint: 127.0.0.1:1702
TpTrace Verbose: 0 : 23076, 7, 2022/07/22, 19:04:13.833, 2967886825491, vstest.console.dll, TestRequestSender.OnExecutionMessageReceived: Received message: {"Version":5,"MessageType":"TestSession.Message","Payload":{"MessageLevel":0,"Message":"Running all tests in H:\\Learnings\\ASP.NET Core\\CodeCoverageEg\\CodeCoverageTest\\bin\\Debug\\net5.0\\fine-code-coverage\\build-output\\CodeCoverageTest.dll"}}
TpTrace Verbose: 0 : 23076, 7, 2022/07/22, 19:04:13.833, 2967886827329, vstest.console.dll, TestRunRequest:SendTestRunMessage: Starting.
TpTrace Information: 0 : 23076, 7, 2022/07/22, 19:04:13.834, 2967886828097, vstest.console.dll, TestRunRequest:SendTestRunMessage: Completed.
TpTrace Verbose: 0 : 23076, 7, 2022/07/22, 19:04:13.834, 2967886828717, vstest.console.dll, TcpClientExtensions.MessageLoopAsync: Polling on remoteEndPoint: 127.0.0.1:1706 localEndPoint: 127.0.0.1:1702
TpTrace Verbose: 0 : 23076, 7, 2022/07/22, 19:04:14.492, 2967893412451, vstest.console.dll, TcpClientExtensions.MessageLoopAsync: NotifyDataAvailable remoteEndPoint: 127.0.0.1:1706 localEndPoint: 127.0.0.1:1702
TpTrace Verbose: 0 : 23076, 7, 2022/07/22, 19:04:14.492, 2967893413829, vstest.console.dll, TestRequestSender.OnExecutionMessageReceived: Received message: {"Version":5,"MessageType":"TestSession.Message","Payload":{"MessageLevel":0,"Message":"   NUnit3TestExecutor discovered 3 of 3 NUnit test cases"}}
TpTrace Verbose: 0 : 23076, 7, 2022/07/22, 19:04:14.492, 2967893416054, vstest.console.dll, TestRunRequest:SendTestRunMessage: Starting.
TpTrace Information: 0 : 23076, 7, 2022/07/22, 19:04:14.492, 2967893417142, vstest.console.dll, TestRunRequest:SendTestRunMessage: Completed.
TpTrace Verbose: 0 : 23076, 7, 2022/07/22, 19:04:14.493, 2967893418366, vstest.console.dll, TcpClientExtensions.MessageLoopAsync: Polling on remoteEndPoint: 127.0.0.1:1706 localEndPoint: 127.0.0.1:1702
TpTrace Verbose: 0 : 23076, 7, 2022/07/22, 19:04:14.934, 2967897828317, vstest.console.dll, TcpClientExtensions.MessageLoopAsync: NotifyDataAvailable remoteEndPoint: 127.0.0.1:1706 localEndPoint: 127.0.0.1:1702
TpTrace Verbose: 0 : 23076, 7, 2022/07/22, 19:04:14.934, 2967897829559, vstest.console.dll, TestRequestSender.OnExecutionMessageReceived: Received message: {"Version":5,"MessageType":"TestSession.Message","Payload":{"MessageLevel":0,"Message":"NUnit Adapter 3.17.0.0: Test execution complete"}}
TpTrace Verbose: 0 : 23076, 7, 2022/07/22, 19:04:14.934, 2967897832308, vstest.console.dll, TestRunRequest:SendTestRunMessage: Starting.
TpTrace Information: 0 : 23076, 7, 2022/07/22, 19:04:14.934, 2967897833309, vstest.console.dll, TestRunRequest:SendTestRunMessage: Completed.
TpTrace Verbose: 0 : 23076, 7, 2022/07/22, 19:04:14.934, 2967897833967, vstest.console.dll, TcpClientExtensions.MessageLoopAsync: Polling on remoteEndPoint: 127.0.0.1:1706 localEndPoint: 127.0.0.1:1702
TpTrace Verbose: 0 : 23076, 7, 2022/07/22, 19:04:15.005, 2967898543347, vstest.console.dll, TcpClientExtensions.MessageLoopAsync: NotifyDataAvailable remoteEndPoint: 127.0.0.1:1706 localEndPoint: 127.0.0.1:1702
TpTrace Verbose: 0 : 23076, 7, 2022/07/22, 19:04:15.005, 2967898545503, vstest.console.dll, TestRequestSender.OnExecutionMessageReceived: Received message: {"Version":5,"MessageType":"TestExecution.Completed","Payload":{"TestRunCompleteArgs":{"TestRunStatistics":{"ExecutedTests":3,"Stats":{"Passed":1,"Failed":2}},"IsCanceled":false,"IsAborted":false,"Error":null,"AttachmentSets":[],"ElapsedTimeInRunningTests":"00:00:01.1629375","Metrics":{}},"LastRunTests":{"NewTestResults":[{"TestCase":{"Id":"5d432d02-bff9-2ee6-58dc-f2ceab1c06d7","FullyQualifiedName":"CodeCoverageTest.Tests.TestGetAllEmployees","DisplayName":"TestGetAllEmployees","ExecutorUri":"executor://NUnit3TestExecutor","Source":"H:\\Learnings\\ASP.NET Core\\CodeCoverageEg\\CodeCoverageTest\\bin\\Debug\\net5.0\\fine-code-coverage\\build-output\\CodeCoverageTest.dll","CodeFilePath":null,"LineNumber":0,"Properties":[]},"Attachments":[],"Outcome":1,"ErrorMessage":null,"ErrorStackTrace":null,"DisplayName":"TestGetAllEmployees","Messages":[],"ComputerName":"LAPTOP-U13V2G8I","Duration":"00:00:00.0260340","StartTime":"2022-07-22T13:34:14.5263314+00:00","EndTime":"2022-07-22T13:34:14.5522705+00:00","Properties":[]},{"TestCase":{"Id":"bdbd13dc-7149-e75b-cb37-70fb8ba7b7b0","FullyQualifiedName":"CodeCoverageTest.Tests.TestgetEmppBySalController","DisplayName":"TestgetEmppBySalController","ExecutorUri":"executor://NUnit3TestExecutor","Source":"H:\\Learnings\\ASP.NET Core\\CodeCoverageEg\\CodeCoverageTest\\bin\\Debug\\net5.0\\fine-code-coverage\\build-output\\CodeCoverageTest.dll","CodeFilePath":null,"LineNumber":0,"Properties":[]},"Attachments":[],"Outcome":2,"ErrorMessage":"  Expected: 2\r\n  But was:  4\r\n","ErrorStackTrace":"   at CodeCoverageTest.Tests.TestgetEmppBySalController() in H:\\Learnings\\ASP.NET Core\\CodeCoverageEg\\CodeCoverageTest\\UnitTest1.cs:line 51\r\n","DisplayName":"TestgetEmppBySalController","Messages":[],"ComputerName":"LAPTOP-U13V2G8I","Duration":"00:00:00.3003910","StartTime":"2022-07-22T13:34:14.5541153+00:00","EndTime":"2022-07-22T13:34:14.8545055+00:00","Properties":[]},{"TestCase":{"Id":"6afcae1c-6ade-a491-5e8b-9ebee8982c21","FullyQualifiedName":"CodeCoverageTest.Tests.TestGetValuesMethod","DisplayName":"TestGetValuesMethod","ExecutorUri":"executor://NUnit3TestExecutor","Source":"H:\\Learnings\\ASP.NET Core\\CodeCoverageEg\\CodeCoverageTest\\bin\\Debug\\net5.0\\fine-code-coverage\\build-output\\CodeCoverageTest.dll","CodeFilePath":null,"LineNumber":0,"Properties":[]},"Attachments":[],"Outcome":2,"ErrorMessage":"System.InvalidOperationException : Sequence contains more than one element","ErrorStackTrace":"   at System.Linq.ThrowHelper.ThrowMoreThanOneElementException()\r\n   at System.Linq.Enumerable.SingleOrDefault[TSource](IEnumerable`1 source)\r\n   at CodeCoverageEg.Controllers.ValuesController.getEmpById(Int32 id) in H:\\Learnings\\ASP.NET Core\\CodeCoverageEg\\CodeCoverageEg\\Controllers\\ValuesController.cs:line 22\r\n   at CodeCoverageTest.Tests.TestGetValuesMethod() in H:\\Learnings\\ASP.NET Core\\CodeCoverageEg\\CodeCoverageTest\\UnitTest1.cs:line 36","DisplayName":"TestGetValuesMethod","Messages":[],"ComputerName":"LAPTOP-U13V2G8I","Duration":"00:00:00.0731200","StartTime":"2022-07-22T13:34:14.854712+00:00","EndTime":"2022-07-22T13:34:14.9278311+00:00","Properties":[]}],"TestRunStatistics":{"ExecutedTests":3,"Stats":{"Passed":1,"Failed":2}},"ActiveTests":[]},"RunAttachments":[],"ExecutorUris":["executor://nunit3testexecutor/"]}}
TpTrace Verbose: 0 : 23076, 7, 2022/07/22, 19:04:15.008, 2967898570076, vstest.console.dll, TestRequestSender.EndSession: Sending end session.
TpTrace Verbose: 0 : 23076, 7, 2022/07/22, 19:04:15.008, 2967898571946, vstest.console.dll, ProxyOperationManager.Close: waiting for test host to exit for 100 ms
TpTrace Warning: 0 : 23076, 13, 2022/07/22, 19:04:15.024, 2967898731905, vstest.console.dll, TestHostManagerCallbacks.ErrorReceivedCallback Test host standard error line: 
TpTrace Verbose: 0 : 23076, 8, 2022/07/22, 19:04:15.033, 2967898817982, vstest.console.dll, TestHostProvider.ExitCallBack: Host exited starting callback.
TpTrace Information: 0 : 23076, 8, 2022/07/22, 19:04:15.033, 2967898824901, vstest.console.dll, TestHostManagerCallbacks.ExitCallBack: Testhost processId: 19588 exited with exitcode: 0 error: ''
TpTrace Verbose: 0 : 23076, 8, 2022/07/22, 19:04:15.033, 2967898825796, vstest.console.dll, DotnetTestHostManager.OnHostExited: invoking OnHostExited callback
TpTrace Verbose: 0 : 23076, 8, 2022/07/22, 19:04:15.033, 2967898826534, vstest.console.dll, CrossPlatEngine.TestHostManagerHostExited: calling on client process exit callback.
TpTrace Information: 0 : 23076, 8, 2022/07/22, 19:04:15.033, 2967898827312, vstest.console.dll, TestRequestSender.OnClientProcessExit: Test host process exited. Standard error: 
TpTrace Warning: 0 : 23076, 7, 2022/07/22, 19:04:15.033, 2967898827375, vstest.console.dll, ProxyOperationManager: Timed out waiting for test host to exit. Will terminate process.
TpTrace Information: 0 : 23076, 8, 2022/07/22, 19:04:15.034, 2967898827990, vstest.console.dll, SocketServer.Stop: Stop server endPoint: 127.0.0.1:1702
TpTrace Information: 0 : 23076, 8, 2022/07/22, 19:04:15.034, 2967898829026, vstest.console.dll, SocketServer.Stop: Cancellation requested. Stopping message loop.
TpTrace Verbose: 0 : 23076, 7, 2022/07/22, 19:04:15.034, 2967898833999, vstest.console.dll, ProxyDataCollectionManager.InvokeDataCollectionServiceAction: Starting.
TpTrace Information: 0 : 23076, 7, 2022/07/22, 19:04:15.034, 2967898834627, vstest.console.dll, ProxyDataCollectionManager.AfterTestRunEnd: Get attachment set for datacollector processId: 23068 port: 1699
TpTrace Verbose: 0 : 23076, 7, 2022/07/22, 19:04:15.034, 2967898835138, vstest.console.dll, DataCollectionRequestSender.SendAfterTestRunStartAndGetResult : Send AfterTestRunEnd message with isCancelled: False
TpTrace Verbose: 0 : 23076, 7, 2022/07/22, 19:04:15.082, 2967899307920, vstest.console.dll, DataCollectionRequestSender.SendAfterTestRunStartAndGetResult : Received message: (DataCollection.AfterTestRunEndResult) -> {
  "AttachmentSets": [],
  "Metrics": {}
}
TpTrace Information: 0 : 23076, 7, 2022/07/22, 19:04:15.092, 2967899409808, vstest.console.dll, ProxyDataCollectionManager.InvokeDataCollectionServiceAction: Completed.
TpTrace Warning: 0 : 23076, 10, 2022/07/22, 19:04:15.095, 2967899440479, vstest.console.dll, DataCollectionLauncher.ErrorReceivedCallback datacollector standard error line: 
TpTrace Information: 0 : 23076, 8, 2022/07/22, 19:04:15.105, 2967899541128, vstest.console.dll, DataCollectionLauncher.ExitCallBack: Data collector exited with exitcode: 0 error: ''
TpTrace Verbose: 0 : 23076, 7, 2022/07/22, 19:04:15.170, 2967900197220, vstest.console.dll, TestRunRequest:SendTestRunStatsChange: Starting.
TpTrace Information: 0 : 23076, 7, 2022/07/22, 19:04:15.171, 2967900205069, vstest.console.dll, TestRunRequest:SendTestRunStatsChange: Completed.
TpTrace Verbose: 0 : 23076, 7, 2022/07/22, 19:04:15.172, 2967900210267, vstest.console.dll, ParallelProxyExecutionManager: HandlePartialRunComplete: Total completed clients = 1, Run complete = True, Run canceled: False.
TpTrace Verbose: 0 : 23076, 7, 2022/07/22, 19:04:15.227, 2967900759141, vstest.console.dll, TestRunRequest:TestRunComplete: Starting. IsAborted:False IsCanceled:False.
TpTrace Verbose: 0 : 23076, 7, 2022/07/22, 19:04:15.227, 2967900761658, vstest.console.dll, TestLoggerManager.HandleTestRunComplete: Ignoring as the object is disposed.
TpTrace Information: 0 : 23076, 7, 2022/07/22, 19:04:15.227, 2967900765493, vstest.console.dll, TestRunRequest:TestRunComplete: Completed.
TpTrace Verbose: 0 : 23076, 7, 2022/07/22, 19:04:15.227, 2967900766111, vstest.console.dll, TestRequestSender.SetOperationComplete: Setting operation complete.
TpTrace Verbose: 0 : 23076, 1, 2022/07/22, 19:04:15.227, 2967900766198, vstest.console.dll, TestRunRequest.Dispose: Starting.
TpTrace Information: 0 : 23076, 1, 2022/07/22, 19:04:15.227, 2967900767190, vstest.console.dll, TestRunRequest.Dispose: Completed.
TpTrace Information: 0 : 23076, 7, 2022/07/22, 19:04:15.227, 2967900766513, vstest.console.dll, SocketServer.Stop: Stop server endPoint: 127.0.0.1:1702
TpTrace Information: 0 : 23076, 7, 2022/07/22, 19:04:15.228, 2967900768171, vstest.console.dll, SocketServer.Stop: Cancellation requested. Stopping message loop.
TpTrace Information: 0 : 23076, 1, 2022/07/22, 19:04:15.227, 2967900767675, vstest.console.dll, TestRequestManager.RunTests: run tests completed.
TpTrace Information: 0 : 23076, 7, 2022/07/22, 19:04:15.228, 2967900768860, vstest.console.dll, SocketServer.PrivateStop: Stopping server endPoint: 127.0.0.1:1702 error: 
TpTrace Information: 0 : 23076, 1, 2022/07/22, 19:04:15.228, 2967900769874, vstest.console.dll, RunTestsArgumentProcessor:Execute: Test run is completed.
TpTrace Verbose: 0 : 23076, 1, 2022/07/22, 19:04:15.228, 2967900771705, vstest.console.dll, Executor.Execute: Exiting with exit code of 1
TpTrace Verbose: 0 : 23076, 7, 2022/07/22, 19:04:15.228, 2967900775358, vstest.console.dll, LengthPrefixCommunicationChannel.Dispose: Dispose reader and writer.
TpTrace Information: 0 : 23076, 7, 2022/07/22, 19:04:15.228, 2967900776435, vstest.console.dll, SocketServer.Stop: Raise disconnected event endPoint: 127.0.0.1:1702 error: 
